#
# There is insufficient memory for the Java Runtime Environment to continue.
# Native memory allocation (mmap) failed to map 161480704 bytes for G1 virtual space
# Possible reasons:
#   The system is out of physical RAM or swap space
#   The process is running with CompressedOops enabled, and the Java Heap may be blocking the growth of the native heap
# Possible solutions:
#   Reduce memory load on the system
#   Increase physical memory or swap space
#   Check if swap backing store is full
#   Decrease Java heap size (-Xmx/-Xms)
#   Decrease number of Java threads
#   Decrease Java thread stack sizes (-Xss)
#   Set larger code cache with -XX:ReservedCodeCacheSize=
#   JVM is running with Unscaled Compressed Oops mode in which the Java heap is
#     placed in the first 4GB address space. The Java Heap base address is the
#     maximum limit for the native heap growth. Please use -XX:HeapBaseMinAddress
#     to set the Java Heap base and to place the Java Heap above 4GB virtual address.
# This output file may be truncated or incomplete.
#
#  Out of Memory Error (os_windows.cpp:3557), pid=8184, tid=1856
#
# JRE version: OpenJDK Runtime Environment Temurin-17.0.6+10 (17.0.6+10) (build 17.0.6+10)
# Java VM: OpenJDK 64-Bit Server VM Temurin-17.0.6+10 (17.0.6+10, mixed mode, emulated-client, tiered, compressed oops, compressed class ptrs, g1 gc, windows-amd64)
# No core dump will be written. Minidumps are not enabled by default on client versions of Windows
#

---------------  S U M M A R Y ------------

Command Line: -XX:+HeapDumpOnOutOfMemoryError -Xmx1024m -Dsts.lsp.client=vscode -Dsts.log.file=/dev/null -XX:TieredStopAtLevel=1 -Xlog:jni+resolve=off -Dspring.config.location=file:c:\Visucode\vscode\data\extensions\vmware.vscode-spring-boot-1.46.0\language-server\BOOT-INF\classes\application.properties org.springframework.ide.vscode.boot.app.BootLanguageServerBootApp

Host: Intel(R) Core(TM) i3-2365M CPU @ 1.40GHz, 4 cores, 1G,  Windows 10 , 64 bit Build 19041 (10.0.19041.2913)
Time: Wed May 24 17:43:35 2023 Hora oficial do Brasil elapsed time: 144.999979 seconds (0d 0h 2m 24s)

---------------  T H R E A D  ---------------

Current thread (0x00000180e1d59920):  VMThread "VM Thread" [stack: 0x0000004811d00000,0x0000004811e00000] [id=1856]

Stack: [0x0000004811d00000,0x0000004811e00000]
Native frames: (J=compiled Java code, j=interpreted, Vv=VM code, C=native code)
V  [jvm.dll+0x67741a]
V  [jvm.dll+0x834434]
V  [jvm.dll+0x835bde]
V  [jvm.dll+0x836243]
V  [jvm.dll+0x2457b5]
V  [jvm.dll+0x674329]
V  [jvm.dll+0x6689da]
V  [jvm.dll+0x30489b]
V  [jvm.dll+0x30bd96]
V  [jvm.dll+0x35b57e]
V  [jvm.dll+0x35b7af]
V  [jvm.dll+0x2db778]
V  [jvm.dll+0x2d9a2c]
V  [jvm.dll+0x2d8ffc]
V  [jvm.dll+0x31cdcb]
V  [jvm.dll+0x83a6eb]
V  [jvm.dll+0x83b424]
V  [jvm.dll+0x83b93c]
V  [jvm.dll+0x83bd14]
V  [jvm.dll+0x83bde0]
V  [jvm.dll+0x7e483a]
V  [jvm.dll+0x6762c5]
C  [ucrtbase.dll+0x21bb2]
C  [KERNEL32.DLL+0x17614]
C  [ntdll.dll+0x526a1]

VM_Operation (0x00000048133fdfd0): G1CollectForAllocation, mode: safepoint, requested by thread 0x00000180e3003570


---------------  P R O C E S S  ---------------

Threads class SMR info:
_java_thread_list=0x00000180e664da30, length=37, elements={
0x00000180e1d42500, 0x00000180e1d43d90, 0x00000180e1d9b2e0, 0x00000180e1d9c150,
0x00000180e1da02c0, 0x00000180e1da1410, 0x00000180e1da5a60, 0x00000180e1da8c00,
0x00000180e2992ef0, 0x00000180e29b3020, 0x00000180e4658450, 0x00000180e42b7090,
0x00000180e4736fa0, 0x00000180e42b7800, 0x00000180d78506f0, 0x00000180e2e4f6c0,
0x00000180e463c9e0, 0x00000180e463ceb0, 0x00000180e32781e0, 0x00000180e3003570,
0x00000180e30030a0, 0x00000180e3002230, 0x00000180e30048b0, 0x00000180e30043e0,
0x00000180e3004d80, 0x00000180e3002700, 0x00000180e3003a40, 0x00000180e3003f10,
0x00000180e3005250, 0x00000180e3002bd0, 0x00000180e3005bf0, 0x00000180e3005720,
0x00000180e6543890, 0x00000180e6542a20, 0x00000180e6542080, 0x00000180e48561d0,
0x00000180e65416e0
}

Java Threads: ( => current thread )
  0x00000180e1d42500 JavaThread "Reference Handler" daemon [_thread_blocked, id=9392, stack(0x0000004811e00000,0x0000004811f00000)]
  0x00000180e1d43d90 JavaThread "Finalizer" daemon [_thread_blocked, id=7388, stack(0x0000004811f00000,0x0000004812000000)]
  0x00000180e1d9b2e0 JavaThread "Signal Dispatcher" daemon [_thread_blocked, id=368, stack(0x0000004812100000,0x0000004812200000)]
  0x00000180e1d9c150 JavaThread "Attach Listener" daemon [_thread_blocked, id=928, stack(0x0000004812200000,0x0000004812300000)]
  0x00000180e1da02c0 JavaThread "Service Thread" daemon [_thread_blocked, id=9736, stack(0x0000004812300000,0x0000004812400000)]
  0x00000180e1da1410 JavaThread "Monitor Deflation Thread" daemon [_thread_blocked, id=3052, stack(0x0000004812400000,0x0000004812500000)]
  0x00000180e1da5a60 JavaThread "C1 CompilerThread0" daemon [_thread_blocked, id=2568, stack(0x0000004812500000,0x0000004812600000)]
  0x00000180e1da8c00 JavaThread "Sweeper thread" daemon [_thread_blocked, id=4624, stack(0x0000004812600000,0x0000004812700000)]
  0x00000180e2992ef0 JavaThread "Notification Thread" daemon [_thread_blocked, id=8604, stack(0x0000004812700000,0x0000004812800000)]
  0x00000180e29b3020 JavaThread "Common-Cleaner" daemon [_thread_blocked, id=3324, stack(0x0000004812900000,0x0000004812a00000)]
  0x00000180e4658450 JavaThread "boundedElastic-evictor-1" daemon [_thread_blocked, id=2684, stack(0x0000004812000000,0x0000004812100000)]
  0x00000180e42b7090 JavaThread "boundedElastic-evictor-2" daemon [_thread_blocked, id=5304, stack(0x0000004812b00000,0x0000004812c00000)]
  0x00000180e4736fa0 JavaThread "pool-10-thread-1" [_thread_blocked, id=2552, stack(0x0000004812d00000,0x0000004812e00000)]
  0x00000180e42b7800 JavaThread "LanguageServerApp-lifecycle" [_thread_blocked, id=5364, stack(0x0000004812e00000,0x0000004812f00000)]
  0x00000180d78506f0 JavaThread "DestroyJavaVM" [_thread_blocked, id=3704, stack(0x0000004811700000,0x0000004811800000)]
  0x00000180e2e4f6c0 JavaThread "pool-11-thread-1" [_thread_in_native, id=9836, stack(0x0000004812f00000,0x0000004813000000)]
  0x00000180e463c9e0 JavaThread "Simple-Language-Server main thread" daemon [_thread_blocked, id=2344, stack(0x0000004813000000,0x0000004813100000)]
  0x00000180e463ceb0 JavaThread "pool-6-thread-1" [_thread_blocked, id=5692, stack(0x0000004813100000,0x0000004813200000)]
  0x00000180e32781e0 JavaThread "ForkJoinPool.commonPool-worker-1" daemon [_thread_blocked, id=10044, stack(0x0000004813200000,0x0000004813300000)]
  0x00000180e3003570 JavaThread "ClassGraph-worker-0" daemon [_thread_blocked, id=6000, stack(0x0000004813300000,0x0000004813400000)]
  0x00000180e30030a0 JavaThread "ClassGraph-worker-1" daemon [_thread_blocked, id=9584, stack(0x0000004813400000,0x0000004813500000)]
  0x00000180e3002230 JavaThread "ClassGraph-worker-2" daemon [_thread_blocked, id=9900, stack(0x0000004813500000,0x0000004813600000)]
  0x00000180e30048b0 JavaThread "ClassGraph-worker-3" daemon [_thread_blocked, id=6168, stack(0x0000004813600000,0x0000004813700000)]
  0x00000180e30043e0 JavaThread "ClassGraph-worker-4" daemon [_thread_blocked, id=2628, stack(0x0000004813700000,0x0000004813800000)]
  0x00000180e3004d80 JavaThread "ClassGraph-worker-5" daemon [_thread_blocked, id=9912, stack(0x0000004813800000,0x0000004813900000)]
  0x00000180e3002700 JavaThread "ClassGraph-worker-6" daemon [_thread_blocked, id=4628, stack(0x0000004813900000,0x0000004813a00000)]
  0x00000180e3003a40 JavaThread "ClassGraph-worker-7" daemon [_thread_blocked, id=10144, stack(0x0000004813a00000,0x0000004813b00000)]
  0x00000180e3003f10 JavaThread "parallel-1" daemon [_thread_blocked, id=1756, stack(0x0000004813b00000,0x0000004813c00000)]
  0x00000180e3005250 JavaThread "pool-3-thread-1" [_thread_blocked, id=2244, stack(0x0000004813d00000,0x0000004813e00000)]
  0x00000180e3002bd0 JavaThread "ForkJoinPool.commonPool-worker-2" daemon [_thread_in_native, id=5420, stack(0x0000004813e00000,0x0000004813f00000)]
  0x00000180e3005bf0 JavaThread "pool-3-thread-2" [_thread_blocked, id=4004, stack(0x0000004814000000,0x0000004814100000)]
  0x00000180e3005720 JavaThread "pool-3-thread-3" [_thread_blocked, id=9148, stack(0x0000004814100000,0x0000004814200000)]
  0x00000180e6543890 JavaThread "pool-4-thread-1" [_thread_blocked, id=7012, stack(0x0000004814200000,0x0000004814300000)]
  0x00000180e6542a20 JavaThread "parallel-2" daemon [_thread_blocked, id=6496, stack(0x0000004814400000,0x0000004814500000)]
  0x00000180e6542080 JavaThread "Project-Reconciler-1" daemon [_thread_blocked, id=2588, stack(0x0000004814500000,0x0000004814600000)]
  0x00000180e48561d0 JavaThread "C1 CompilerThread1" daemon [_thread_blocked, id=1116, stack(0x0000004814600000,0x0000004814700000)]
  0x00000180e65416e0 JavaThread "ForkJoinPool.commonPool-worker-3" daemon [_thread_blocked, id=2680, stack(0x0000004814700000,0x0000004814800000)]

Other Threads:
=>0x00000180e1d59920 VMThread "VM Thread" [stack: 0x0000004811d00000,0x0000004811e00000] [id=1856]
  0x00000180e29933c0 WatcherThread [stack: 0x0000004812800000,0x0000004812900000] [id=7080]
  0x00000180d7890b50 GCTaskThread "GC Thread#0" [stack: 0x0000004811800000,0x0000004811900000] [id=1460]
  0x00000180e2916ec0 GCTaskThread "GC Thread#1" [stack: 0x0000004811500000,0x0000004811600000] [id=6608]
  0x00000180e2dcfb70 GCTaskThread "GC Thread#2" [stack: 0x0000004811600000,0x0000004811700000] [id=10124]
  0x00000180e2956e10 GCTaskThread "GC Thread#3" [stack: 0x0000004812a00000,0x0000004812b00000] [id=2584]
  0x00000180d7899a90 ConcurrentGCThread "G1 Main Marker" [stack: 0x0000004811900000,0x0000004811a00000] [id=10060]
  0x00000180d789a4a0 ConcurrentGCThread "G1 Conc#0" [stack: 0x0000004811a00000,0x0000004811b00000] [id=4720]
  0x00000180d78d34b0 ConcurrentGCThread "G1 Refine#0" [stack: 0x0000004811b00000,0x0000004811c00000] [id=10028]
  0x00000180e4a28260 ConcurrentGCThread "G1 Refine#1" [stack: 0x0000004814300000,0x0000004814400000] [id=10108]
  0x00000180d78d3ed0 ConcurrentGCThread "G1 Service" [stack: 0x0000004811c00000,0x0000004811d00000] [id=3080]

Threads with active compile tasks:

VM state: at safepoint (normal execution)

VM Mutex/Monitor currently owned by a thread:  ([mutex/lock_event])
[0x00000180d573a360] Threads_lock - owner thread: 0x00000180e1d59920
[0x00000180d784e130] Heap_lock - owner thread: 0x00000180e3003570

Heap address: 0x00000000c0000000, size: 1024 MB, Compressed Oops mode: 32-bit

CDS archive(s) not mapped
Compressed class space mapped at: 0x0000000100000000-0x0000000140000000, reserved size: 1073741824
Narrow klass base: 0x0000000000000000, Narrow klass shift: 3, Narrow klass range: 0x140000000

GC Precious Log:
 CPUs: 4 total, 4 available
 Memory: 1931M
 Large Page Support: Disabled
 NUMA Support: Disabled
 Compressed Oops: Enabled (32-bit)
 Heap Region Size: 1M
 Heap Min Capacity: 8M
 Heap Initial Capacity: 32M
 Heap Max Capacity: 1G
 Pre-touch: Disabled
 Parallel Workers: 4
 Concurrent Workers: 1
 Concurrent Refinement Workers: 4
 Periodic GC: Disabled

Heap:
 garbage-first heap   total 260096K, used 136810K [0x00000000c0000000, 0x0000000100000000)
  region size 1024K, 13 young (13312K), 13 survivors (13312K)
 Metaspace       used 48237K, committed 48640K, reserved 1097728K
  class space    used 6072K, committed 6272K, reserved 1048576K

Heap Regions: E=young(eden), S=young(survivor), O=old, HS=humongous(starts), HC=humongous(continues), CS=collection set, F=free, OA=open archive, CA=closed archive, TAMS=top-at-mark-start (previous, next)
|   0|0x00000000c0000000, 0x00000000c0100000, 0x00000000c0100000|100%| O|  |TAMS 0x00000000c0100000, 0x00000000c0000000| Untracked 
|   1|0x00000000c0100000, 0x00000000c0200000, 0x00000000c0200000|100%| O|  |TAMS 0x00000000c0200000, 0x00000000c0100000| Untracked 
|   2|0x00000000c0200000, 0x00000000c0300000, 0x00000000c0300000|100%| O|  |TAMS 0x00000000c0300000, 0x00000000c0200000| Untracked 
|   3|0x00000000c0300000, 0x00000000c0400000, 0x00000000c0400000|100%| O|  |TAMS 0x00000000c0400000, 0x00000000c0300000| Untracked 
|   4|0x00000000c0400000, 0x00000000c0500000, 0x00000000c0500000|100%| O|  |TAMS 0x00000000c0500000, 0x00000000c0400000| Untracked 
|   5|0x00000000c0500000, 0x00000000c0600000, 0x00000000c0600000|100%| O|  |TAMS 0x00000000c0600000, 0x00000000c0500000| Untracked 
|   6|0x00000000c0600000, 0x00000000c0700000, 0x00000000c0700000|100%| O|  |TAMS 0x00000000c0700000, 0x00000000c0600000| Untracked 
|   7|0x00000000c0700000, 0x00000000c0800000, 0x00000000c0800000|100%| O|  |TAMS 0x00000000c0800000, 0x00000000c0700000| Untracked 
|   8|0x00000000c0800000, 0x00000000c0900000, 0x00000000c0900000|100%| O|  |TAMS 0x00000000c0900000, 0x00000000c0800000| Untracked 
|   9|0x00000000c0900000, 0x00000000c0a00000, 0x00000000c0a00000|100%| O|  |TAMS 0x00000000c0a00000, 0x00000000c0900000| Untracked 
|  10|0x00000000c0a00000, 0x00000000c0b00000, 0x00000000c0b00000|100%| O|  |TAMS 0x00000000c0b00000, 0x00000000c0a00000| Untracked 
|  11|0x00000000c0b00000, 0x00000000c0c00000, 0x00000000c0c00000|100%| O|  |TAMS 0x00000000c0c00000, 0x00000000c0b00000| Untracked 
|  12|0x00000000c0c00000, 0x00000000c0d00000, 0x00000000c0d00000|100%| O|  |TAMS 0x00000000c0d00000, 0x00000000c0c00000| Untracked 
|  13|0x00000000c0d00000, 0x00000000c0e00000, 0x00000000c0e00000|100%| O|  |TAMS 0x00000000c0e00000, 0x00000000c0d00000| Untracked 
|  14|0x00000000c0e00000, 0x00000000c0f00000, 0x00000000c0f00000|100%| O|  |TAMS 0x00000000c0f00000, 0x00000000c0e00000| Untracked 
|  15|0x00000000c0f00000, 0x00000000c1000000, 0x00000000c1000000|100%| O|  |TAMS 0x00000000c1000000, 0x00000000c0f00000| Untracked 
|  16|0x00000000c1000000, 0x00000000c1100000, 0x00000000c1100000|100%| O|  |TAMS 0x00000000c1100000, 0x00000000c1000000| Untracked 
|  17|0x00000000c1100000, 0x00000000c1200000, 0x00000000c1200000|100%| O|  |TAMS 0x00000000c1200000, 0x00000000c1100000| Untracked 
|  18|0x00000000c1200000, 0x00000000c1300000, 0x00000000c1300000|100%| O|  |TAMS 0x00000000c1300000, 0x00000000c1200000| Untracked 
|  19|0x00000000c1300000, 0x00000000c1400000, 0x00000000c1400000|100%| O|  |TAMS 0x00000000c1400000, 0x00000000c1300000| Untracked 
|  20|0x00000000c1400000, 0x00000000c1500000, 0x00000000c1500000|100%| O|  |TAMS 0x00000000c1500000, 0x00000000c1400000| Untracked 
|  21|0x00000000c1500000, 0x00000000c1600000, 0x00000000c1600000|100%| O|  |TAMS 0x00000000c1600000, 0x00000000c1500000| Untracked 
|  22|0x00000000c1600000, 0x00000000c1700000, 0x00000000c1700000|100%| O|  |TAMS 0x00000000c1700000, 0x00000000c1600000| Untracked 
|  23|0x00000000c1700000, 0x00000000c1800000, 0x00000000c1800000|100%| O|  |TAMS 0x00000000c1800000, 0x00000000c1700000| Untracked 
|  24|0x00000000c1800000, 0x00000000c1900000, 0x00000000c1900000|100%| O|  |TAMS 0x00000000c1900000, 0x00000000c1800000| Untracked 
|  25|0x00000000c1900000, 0x00000000c1a00000, 0x00000000c1a00000|100%| O|  |TAMS 0x00000000c1a00000, 0x00000000c1900000| Untracked 
|  26|0x00000000c1a00000, 0x00000000c1b00000, 0x00000000c1b00000|100%| O|  |TAMS 0x00000000c1b00000, 0x00000000c1a00000| Untracked 
|  27|0x00000000c1b00000, 0x00000000c1c00000, 0x00000000c1c00000|100%| O|  |TAMS 0x00000000c1c00000, 0x00000000c1b00000| Untracked 
|  28|0x00000000c1c00000, 0x00000000c1d00000, 0x00000000c1d00000|100%| O|  |TAMS 0x00000000c1d00000, 0x00000000c1c00000| Untracked 
|  29|0x00000000c1d00000, 0x00000000c1e00000, 0x00000000c1e00000|100%| O|  |TAMS 0x00000000c1e00000, 0x00000000c1d00000| Untracked 
|  30|0x00000000c1e00000, 0x00000000c1f00000, 0x00000000c1f00000|100%| O|  |TAMS 0x00000000c1f00000, 0x00000000c1e00000| Untracked 
|  31|0x00000000c1f00000, 0x00000000c2000000, 0x00000000c2000000|100%| O|  |TAMS 0x00000000c2000000, 0x00000000c1f00000| Untracked 
|  32|0x00000000c2000000, 0x00000000c2100000, 0x00000000c2100000|100%| O|  |TAMS 0x00000000c2100000, 0x00000000c2000000| Untracked 
|  33|0x00000000c2100000, 0x00000000c2200000, 0x00000000c2200000|100%| O|  |TAMS 0x00000000c2200000, 0x00000000c2100000| Untracked 
|  34|0x00000000c2200000, 0x00000000c2300000, 0x00000000c2300000|100%| O|  |TAMS 0x00000000c2300000, 0x00000000c2200000| Untracked 
|  35|0x00000000c2300000, 0x00000000c2400000, 0x00000000c2400000|100%| O|  |TAMS 0x00000000c2300000, 0x00000000c2300000| Untracked 
|  36|0x00000000c2400000, 0x00000000c2500000, 0x00000000c2500000|100%| O|  |TAMS 0x00000000c2500000, 0x00000000c2400000| Untracked 
|  37|0x00000000c2500000, 0x00000000c2600000, 0x00000000c2600000|100%| O|  |TAMS 0x00000000c2600000, 0x00000000c2500000| Untracked 
|  38|0x00000000c2600000, 0x00000000c2700000, 0x00000000c2700000|100%| O|  |TAMS 0x00000000c2700000, 0x00000000c2600000| Untracked 
|  39|0x00000000c2700000, 0x00000000c2800000, 0x00000000c2800000|100%| O|  |TAMS 0x00000000c2800000, 0x00000000c2700000| Untracked 
|  40|0x00000000c2800000, 0x00000000c2900000, 0x00000000c2900000|100%| O|  |TAMS 0x00000000c2900000, 0x00000000c2800000| Untracked 
|  41|0x00000000c2900000, 0x00000000c2a00000, 0x00000000c2a00000|100%| O|  |TAMS 0x00000000c2a00000, 0x00000000c2900000| Untracked 
|  42|0x00000000c2a00000, 0x00000000c2b00000, 0x00000000c2b00000|100%| O|  |TAMS 0x00000000c2b00000, 0x00000000c2a00000| Untracked 
|  43|0x00000000c2b00000, 0x00000000c2c00000, 0x00000000c2c00000|100%| O|  |TAMS 0x00000000c2c00000, 0x00000000c2b00000| Untracked 
|  44|0x00000000c2c00000, 0x00000000c2d00000, 0x00000000c2d00000|100%| O|  |TAMS 0x00000000c2d00000, 0x00000000c2c00000| Untracked 
|  45|0x00000000c2d00000, 0x00000000c2e00000, 0x00000000c2e00000|100%| O|  |TAMS 0x00000000c2e00000, 0x00000000c2d00000| Untracked 
|  46|0x00000000c2e00000, 0x00000000c2f00000, 0x00000000c2f00000|100%| O|  |TAMS 0x00000000c2f00000, 0x00000000c2e00000| Untracked 
|  47|0x00000000c2f00000, 0x00000000c3000000, 0x00000000c3000000|100%| O|  |TAMS 0x00000000c3000000, 0x00000000c2f00000| Untracked 
|  48|0x00000000c3000000, 0x00000000c3100000, 0x00000000c3100000|100%| O|  |TAMS 0x00000000c3100000, 0x00000000c3000000| Untracked 
|  49|0x00000000c3100000, 0x00000000c3200000, 0x00000000c3200000|100%| O|  |TAMS 0x00000000c3100000, 0x00000000c3100000| Untracked 
|  50|0x00000000c3200000, 0x00000000c3300000, 0x00000000c3300000|100%|HS|  |TAMS 0x00000000c3300000, 0x00000000c3200000| Complete 
|  51|0x00000000c3300000, 0x00000000c3400000, 0x00000000c3400000|100%| O|  |TAMS 0x00000000c3400000, 0x00000000c3300000| Untracked 
|  52|0x00000000c3400000, 0x00000000c3500000, 0x00000000c3500000|100%| O|  |TAMS 0x00000000c3500000, 0x00000000c3400000| Untracked 
|  53|0x00000000c3500000, 0x00000000c3600000, 0x00000000c3600000|100%| O|  |TAMS 0x00000000c3600000, 0x00000000c3500000| Untracked 
|  54|0x00000000c3600000, 0x00000000c3700000, 0x00000000c3700000|100%| O|  |TAMS 0x00000000c3700000, 0x00000000c3600000| Untracked 
|  55|0x00000000c3700000, 0x00000000c3800000, 0x00000000c3800000|100%| O|  |TAMS 0x00000000c3800000, 0x00000000c3700000| Untracked 
|  56|0x00000000c3800000, 0x00000000c3900000, 0x00000000c3900000|100%| O|  |TAMS 0x00000000c3900000, 0x00000000c3800000| Untracked 
|  57|0x00000000c3900000, 0x00000000c3a00000, 0x00000000c3a00000|100%| O|  |TAMS 0x00000000c3a00000, 0x00000000c3900000| Untracked 
|  58|0x00000000c3a00000, 0x00000000c3b00000, 0x00000000c3b00000|100%|HS|  |TAMS 0x00000000c3b00000, 0x00000000c3a00000| Complete 
|  59|0x00000000c3b00000, 0x00000000c3c00000, 0x00000000c3c00000|100%| O|  |TAMS 0x00000000c3c00000, 0x00000000c3b00000| Untracked 
|  60|0x00000000c3c00000, 0x00000000c3d00000, 0x00000000c3d00000|100%| O|  |TAMS 0x00000000c3d00000, 0x00000000c3c00000| Untracked 
|  61|0x00000000c3d00000, 0x00000000c3e00000, 0x00000000c3e00000|100%| O|  |TAMS 0x00000000c3e00000, 0x00000000c3d00000| Untracked 
|  62|0x00000000c3e00000, 0x00000000c3f00000, 0x00000000c3f00000|100%| O|  |TAMS 0x00000000c3f00000, 0x00000000c3e00000| Untracked 
|  63|0x00000000c3f00000, 0x00000000c4000000, 0x00000000c4000000|100%| O|  |TAMS 0x00000000c4000000, 0x00000000c3f00000| Untracked 
|  64|0x00000000c4000000, 0x00000000c4100000, 0x00000000c4100000|100%| O|  |TAMS 0x00000000c4100000, 0x00000000c4000000| Untracked 
|  65|0x00000000c4100000, 0x00000000c4200000, 0x00000000c4200000|100%| O|  |TAMS 0x00000000c4200000, 0x00000000c4100000| Untracked 
|  66|0x00000000c4200000, 0x00000000c4300000, 0x00000000c4300000|100%| O|  |TAMS 0x00000000c4300000, 0x00000000c4200000| Untracked 
|  67|0x00000000c4300000, 0x00000000c4400000, 0x00000000c4400000|100%| O|  |TAMS 0x00000000c4400000, 0x00000000c4300000| Untracked 
|  68|0x00000000c4400000, 0x00000000c4500000, 0x00000000c4500000|100%| O|  |TAMS 0x00000000c4400000, 0x00000000c4400000| Untracked 
|  69|0x00000000c4500000, 0x00000000c4600000, 0x00000000c4600000|100%| O|  |TAMS 0x00000000c4500000, 0x00000000c4500000| Untracked 
|  70|0x00000000c4600000, 0x00000000c4700000, 0x00000000c4700000|100%| O|  |TAMS 0x00000000c4600000, 0x00000000c4600000| Untracked 
|  71|0x00000000c4700000, 0x00000000c4800000, 0x00000000c4800000|100%| O|  |TAMS 0x00000000c4800000, 0x00000000c4700000| Untracked 
|  72|0x00000000c4800000, 0x00000000c4900000, 0x00000000c4900000|100%| O|  |TAMS 0x00000000c4900000, 0x00000000c4800000| Untracked 
|  73|0x00000000c4900000, 0x00000000c4a00000, 0x00000000c4a00000|100%| O|  |TAMS 0x00000000c4a00000, 0x00000000c4900000| Untracked 
|  74|0x00000000c4a00000, 0x00000000c4b00000, 0x00000000c4b00000|100%| O|  |TAMS 0x00000000c4b00000, 0x00000000c4a00000| Untracked 
|  75|0x00000000c4b00000, 0x00000000c4c00000, 0x00000000c4c00000|100%| O|  |TAMS 0x00000000c4c00000, 0x00000000c4b00000| Untracked 
|  76|0x00000000c4c00000, 0x00000000c4d00000, 0x00000000c4d00000|100%| O|  |TAMS 0x00000000c4d00000, 0x00000000c4c00000| Untracked 
|  77|0x00000000c4d00000, 0x00000000c4e00000, 0x00000000c4e00000|100%| O|  |TAMS 0x00000000c4e00000, 0x00000000c4d00000| Untracked 
|  78|0x00000000c4e00000, 0x00000000c4f00000, 0x00000000c4f00000|100%| O|  |TAMS 0x00000000c4f00000, 0x00000000c4e00000| Untracked 
|  79|0x00000000c4f00000, 0x00000000c5000000, 0x00000000c5000000|100%| O|  |TAMS 0x00000000c5000000, 0x00000000c4f00000| Untracked 
|  80|0x00000000c5000000, 0x00000000c5100000, 0x00000000c5100000|100%| O|  |TAMS 0x00000000c5100000, 0x00000000c5000000| Untracked 
|  81|0x00000000c5100000, 0x00000000c5200000, 0x00000000c5200000|100%| O|  |TAMS 0x00000000c5200000, 0x00000000c5100000| Untracked 
|  82|0x00000000c5200000, 0x00000000c5300000, 0x00000000c5300000|100%| O|  |TAMS 0x00000000c5300000, 0x00000000c5200000| Untracked 
|  83|0x00000000c5300000, 0x00000000c5400000, 0x00000000c5400000|100%| O|  |TAMS 0x00000000c5400000, 0x00000000c5300000| Untracked 
|  84|0x00000000c5400000, 0x00000000c5500000, 0x00000000c5500000|100%| O|  |TAMS 0x00000000c5500000, 0x00000000c5400000| Untracked 
|  85|0x00000000c5500000, 0x00000000c5600000, 0x00000000c5600000|100%| O|  |TAMS 0x00000000c5600000, 0x00000000c5500000| Untracked 
|  86|0x00000000c5600000, 0x00000000c5700000, 0x00000000c5700000|100%| O|  |TAMS 0x00000000c5700000, 0x00000000c5600000| Untracked 
|  87|0x00000000c5700000, 0x00000000c5800000, 0x00000000c5800000|100%| O|  |TAMS 0x00000000c5800000, 0x00000000c5700000| Untracked 
|  88|0x00000000c5800000, 0x00000000c5900000, 0x00000000c5900000|100%| O|  |TAMS 0x00000000c5900000, 0x00000000c5800000| Untracked 
|  89|0x00000000c5900000, 0x00000000c5a00000, 0x00000000c5a00000|100%| O|  |TAMS 0x00000000c5a00000, 0x00000000c5900000| Untracked 
|  90|0x00000000c5a00000, 0x00000000c5b00000, 0x00000000c5b00000|100%| O|  |TAMS 0x00000000c5b00000, 0x00000000c5a00000| Untracked 
|  91|0x00000000c5b00000, 0x00000000c5c00000, 0x00000000c5c00000|100%| O|  |TAMS 0x00000000c5c00000, 0x00000000c5b00000| Untracked 
|  92|0x00000000c5c00000, 0x00000000c5d00000, 0x00000000c5d00000|100%| O|  |TAMS 0x00000000c5d00000, 0x00000000c5c00000| Untracked 
|  93|0x00000000c5d00000, 0x00000000c5e00000, 0x00000000c5e00000|100%| O|  |TAMS 0x00000000c5e00000, 0x00000000c5d00000| Untracked 
|  94|0x00000000c5e00000, 0x00000000c5f00000, 0x00000000c5f00000|100%| O|  |TAMS 0x00000000c5ec1c00, 0x00000000c5e00000| Untracked 
|  95|0x00000000c5f00000, 0x00000000c6000000, 0x00000000c6000000|100%| O|  |TAMS 0x00000000c5f00000, 0x00000000c5f00000| Untracked 
|  96|0x00000000c6000000, 0x00000000c6100000, 0x00000000c6100000|100%| O|  |TAMS 0x00000000c6000000, 0x00000000c6000000| Untracked 
|  97|0x00000000c6100000, 0x00000000c6200000, 0x00000000c6200000|100%| O|  |TAMS 0x00000000c6100000, 0x00000000c6100000| Untracked 
|  98|0x00000000c6200000, 0x00000000c6300000, 0x00000000c6300000|100%| O|  |TAMS 0x00000000c6200000, 0x00000000c6200000| Untracked 
|  99|0x00000000c6300000, 0x00000000c6400000, 0x00000000c6400000|100%| O|  |TAMS 0x00000000c6300000, 0x00000000c6300000| Untracked 
| 100|0x00000000c6400000, 0x00000000c6500000, 0x00000000c6500000|100%| O|  |TAMS 0x00000000c6400000, 0x00000000c6400000| Untracked 
| 101|0x00000000c6500000, 0x00000000c6600000, 0x00000000c6600000|100%| O|  |TAMS 0x00000000c6500000, 0x00000000c6500000| Untracked 
| 102|0x00000000c6600000, 0x00000000c6700000, 0x00000000c6700000|100%| O|  |TAMS 0x00000000c6600000, 0x00000000c6600000| Untracked 
| 103|0x00000000c6700000, 0x00000000c6800000, 0x00000000c6800000|100%| O|  |TAMS 0x00000000c6700000, 0x00000000c6700000| Untracked 
| 104|0x00000000c6800000, 0x00000000c6900000, 0x00000000c6900000|100%| O|  |TAMS 0x00000000c6800000, 0x00000000c6800000| Untracked 
| 105|0x00000000c6900000, 0x00000000c6a00000, 0x00000000c6a00000|100%| O|  |TAMS 0x00000000c6900000, 0x00000000c6900000| Untracked 
| 106|0x00000000c6a00000, 0x00000000c6b00000, 0x00000000c6b00000|100%| O|  |TAMS 0x00000000c6a00000, 0x00000000c6a00000| Untracked 
| 107|0x00000000c6b00000, 0x00000000c6c00000, 0x00000000c6c00000|100%| O|  |TAMS 0x00000000c6b00000, 0x00000000c6b00000| Untracked 
| 108|0x00000000c6c00000, 0x00000000c6d00000, 0x00000000c6d00000|100%| O|  |TAMS 0x00000000c6c00000, 0x00000000c6c00000| Untracked 
| 109|0x00000000c6d00000, 0x00000000c6e00000, 0x00000000c6e00000|100%| O|  |TAMS 0x00000000c6d00000, 0x00000000c6d00000| Untracked 
| 110|0x00000000c6e00000, 0x00000000c6f00000, 0x00000000c6f00000|100%| O|  |TAMS 0x00000000c6e00000, 0x00000000c6e00000| Untracked 
| 111|0x00000000c6f00000, 0x00000000c7000000, 0x00000000c7000000|100%| O|  |TAMS 0x00000000c6f00000, 0x00000000c6f00000| Untracked 
| 112|0x00000000c7000000, 0x00000000c7100000, 0x00000000c7100000|100%| O|  |TAMS 0x00000000c7000000, 0x00000000c7000000| Untracked 
| 113|0x00000000c7100000, 0x00000000c7200000, 0x00000000c7200000|100%| O|  |TAMS 0x00000000c7100000, 0x00000000c7100000| Untracked 
| 114|0x00000000c7200000, 0x00000000c7300000, 0x00000000c7300000|100%| O|  |TAMS 0x00000000c7200000, 0x00000000c7200000| Untracked 
| 115|0x00000000c7300000, 0x00000000c7400000, 0x00000000c7400000|100%| O|  |TAMS 0x00000000c7300000, 0x00000000c7300000| Untracked 
| 116|0x00000000c7400000, 0x00000000c7500000, 0x00000000c7500000|100%| O|  |TAMS 0x00000000c7400000, 0x00000000c7400000| Untracked 
| 117|0x00000000c7500000, 0x00000000c7600000, 0x00000000c7600000|100%| O|  |TAMS 0x00000000c7500000, 0x00000000c7500000| Untracked 
| 118|0x00000000c7600000, 0x00000000c7700000, 0x00000000c7700000|100%| O|  |TAMS 0x00000000c7600000, 0x00000000c7600000| Untracked 
| 119|0x00000000c7700000, 0x00000000c7800000, 0x00000000c7800000|100%| O|  |TAMS 0x00000000c7700000, 0x00000000c7700000| Untracked 
| 120|0x00000000c7800000, 0x00000000c789a800, 0x00000000c7900000| 60%| O|  |TAMS 0x00000000c7800000, 0x00000000c7800000| Untracked 
| 121|0x00000000c7900000, 0x00000000c7900000, 0x00000000c7a00000|  0%| F|  |TAMS 0x00000000c7900000, 0x00000000c7900000| Untracked 
| 122|0x00000000c7a00000, 0x00000000c7a00000, 0x00000000c7b00000|  0%| F|  |TAMS 0x00000000c7a00000, 0x00000000c7a00000| Untracked 
| 123|0x00000000c7b00000, 0x00000000c7b00000, 0x00000000c7c00000|  0%| F|  |TAMS 0x00000000c7b00000, 0x00000000c7b00000| Untracked 
| 124|0x00000000c7c00000, 0x00000000c7c00000, 0x00000000c7d00000|  0%| F|  |TAMS 0x00000000c7c00000, 0x00000000c7c00000| Untracked 
| 125|0x00000000c7d00000, 0x00000000c7d00000, 0x00000000c7e00000|  0%| F|  |TAMS 0x00000000c7d00000, 0x00000000c7d00000| Untracked 
| 126|0x00000000c7e00000, 0x00000000c7e00000, 0x00000000c7f00000|  0%| F|  |TAMS 0x00000000c7e00000, 0x00000000c7e00000| Untracked 
| 127|0x00000000c7f00000, 0x00000000c7f00000, 0x00000000c8000000|  0%| F|  |TAMS 0x00000000c7f00000, 0x00000000c7f00000| Untracked 
| 128|0x00000000c8000000, 0x00000000c8000000, 0x00000000c8100000|  0%| F|  |TAMS 0x00000000c8000000, 0x00000000c8000000| Untracked 
| 129|0x00000000c8100000, 0x00000000c8100000, 0x00000000c8200000|  0%| F|  |TAMS 0x00000000c8100000, 0x00000000c8100000| Untracked 
| 130|0x00000000c8200000, 0x00000000c8200000, 0x00000000c8300000|  0%| F|  |TAMS 0x00000000c8200000, 0x00000000c8200000| Untracked 
| 131|0x00000000c8300000, 0x00000000c8300000, 0x00000000c8400000|  0%| F|  |TAMS 0x00000000c8300000, 0x00000000c8300000| Untracked 
| 132|0x00000000c8400000, 0x00000000c8400000, 0x00000000c8500000|  0%| F|  |TAMS 0x00000000c8400000, 0x00000000c8400000| Untracked 
| 133|0x00000000c8500000, 0x00000000c8500000, 0x00000000c8600000|  0%| F|  |TAMS 0x00000000c8500000, 0x00000000c8500000| Untracked 
| 134|0x00000000c8600000, 0x00000000c8600000, 0x00000000c8700000|  0%| F|  |TAMS 0x00000000c8600000, 0x00000000c8600000| Untracked 
| 135|0x00000000c8700000, 0x00000000c8700000, 0x00000000c8800000|  0%| F|  |TAMS 0x00000000c8700000, 0x00000000c8700000| Untracked 
| 136|0x00000000c8800000, 0x00000000c8800000, 0x00000000c8900000|  0%| F|  |TAMS 0x00000000c8800000, 0x00000000c8800000| Untracked 
| 137|0x00000000c8900000, 0x00000000c8900000, 0x00000000c8a00000|  0%| F|  |TAMS 0x00000000c8900000, 0x00000000c8900000| Untracked 
| 138|0x00000000c8a00000, 0x00000000c8a00000, 0x00000000c8b00000|  0%| F|  |TAMS 0x00000000c8a00000, 0x00000000c8a00000| Untracked 
| 139|0x00000000c8b00000, 0x00000000c8b00000, 0x00000000c8c00000|  0%| F|  |TAMS 0x00000000c8b00000, 0x00000000c8b00000| Untracked 
| 140|0x00000000c8c00000, 0x00000000c8c00000, 0x00000000c8d00000|  0%| F|  |TAMS 0x00000000c8c00000, 0x00000000c8c00000| Untracked 
| 141|0x00000000c8d00000, 0x00000000c8d00000, 0x00000000c8e00000|  0%| F|  |TAMS 0x00000000c8d00000, 0x00000000c8d00000| Untracked 
| 142|0x00000000c8e00000, 0x00000000c8e00000, 0x00000000c8f00000|  0%| F|  |TAMS 0x00000000c8e00000, 0x00000000c8e00000| Untracked 
| 143|0x00000000c8f00000, 0x00000000c8f00000, 0x00000000c9000000|  0%| F|  |TAMS 0x00000000c8f00000, 0x00000000c8f00000| Untracked 
| 144|0x00000000c9000000, 0x00000000c9100000, 0x00000000c9100000|100%| S|CS|TAMS 0x00000000c9000000, 0x00000000c9000000| Complete 
| 145|0x00000000c9100000, 0x00000000c9200000, 0x00000000c9200000|100%| S|CS|TAMS 0x00000000c9100000, 0x00000000c9100000| Complete 
| 146|0x00000000c9200000, 0x00000000c9300000, 0x00000000c9300000|100%| S|CS|TAMS 0x00000000c9200000, 0x00000000c9200000| Complete 
| 147|0x00000000c9300000, 0x00000000c9400000, 0x00000000c9400000|100%| S|CS|TAMS 0x00000000c9300000, 0x00000000c9300000| Complete 
| 148|0x00000000c9400000, 0x00000000c9400000, 0x00000000c9500000|  0%| F|  |TAMS 0x00000000c9400000, 0x00000000c9400000| Untracked 
| 149|0x00000000c9500000, 0x00000000c9500000, 0x00000000c9600000|  0%| F|  |TAMS 0x00000000c9500000, 0x00000000c9500000| Untracked 
| 150|0x00000000c9600000, 0x00000000c9600000, 0x00000000c9700000|  0%| F|  |TAMS 0x00000000c9600000, 0x00000000c9600000| Untracked 
| 151|0x00000000c9700000, 0x00000000c9700000, 0x00000000c9800000|  0%| F|  |TAMS 0x00000000c9700000, 0x00000000c9700000| Untracked 
| 152|0x00000000c9800000, 0x00000000c9800000, 0x00000000c9900000|  0%| F|  |TAMS 0x00000000c9800000, 0x00000000c9800000| Untracked 
| 153|0x00000000c9900000, 0x00000000c9a00000, 0x00000000c9a00000|100%| S|CS|TAMS 0x00000000c9900000, 0x00000000c9900000| Complete 
| 154|0x00000000c9a00000, 0x00000000c9b00000, 0x00000000c9b00000|100%| S|CS|TAMS 0x00000000c9a00000, 0x00000000c9a00000| Complete 
| 155|0x00000000c9b00000, 0x00000000c9c00000, 0x00000000c9c00000|100%| S|CS|TAMS 0x00000000c9b00000, 0x00000000c9b00000| Complete 
| 156|0x00000000c9c00000, 0x00000000c9d00000, 0x00000000c9d00000|100%| S|CS|TAMS 0x00000000c9c00000, 0x00000000c9c00000| Complete 
| 157|0x00000000c9d00000, 0x00000000c9d00000, 0x00000000c9e00000|  0%| F|  |TAMS 0x00000000c9d00000, 0x00000000c9d00000| Untracked 
| 158|0x00000000c9e00000, 0x00000000c9e00000, 0x00000000c9f00000|  0%| F|  |TAMS 0x00000000c9e00000, 0x00000000c9e00000| Untracked 
| 159|0x00000000c9f00000, 0x00000000c9f00000, 0x00000000ca000000|  0%| F|  |TAMS 0x00000000c9f00000, 0x00000000c9f00000| Untracked 
| 160|0x00000000ca000000, 0x00000000ca100000, 0x00000000ca100000|100%| S|CS|TAMS 0x00000000ca000000, 0x00000000ca000000| Complete 
| 161|0x00000000ca100000, 0x00000000ca200000, 0x00000000ca200000|100%| S|CS|TAMS 0x00000000ca100000, 0x00000000ca100000| Complete 
| 162|0x00000000ca200000, 0x00000000ca300000, 0x00000000ca300000|100%| S|CS|TAMS 0x00000000ca200000, 0x00000000ca200000| Complete 
| 163|0x00000000ca300000, 0x00000000ca400000, 0x00000000ca400000|100%| S|CS|TAMS 0x00000000ca300000, 0x00000000ca300000| Complete 
| 164|0x00000000ca400000, 0x00000000ca500000, 0x00000000ca500000|100%| S|CS|TAMS 0x00000000ca400000, 0x00000000ca400000| Complete 
| 165|0x00000000ca500000, 0x00000000ca500000, 0x00000000ca600000|  0%| F|  |TAMS 0x00000000ca500000, 0x00000000ca500000| Untracked 
| 166|0x00000000ca600000, 0x00000000ca600000, 0x00000000ca700000|  0%| F|  |TAMS 0x00000000ca600000, 0x00000000ca600000| Untracked 
| 167|0x00000000ca700000, 0x00000000ca700000, 0x00000000ca800000|  0%| F|  |TAMS 0x00000000ca700000, 0x00000000ca700000| Untracked 
| 168|0x00000000ca800000, 0x00000000ca800000, 0x00000000ca900000|  0%| F|  |TAMS 0x00000000ca800000, 0x00000000ca800000| Untracked 
| 169|0x00000000ca900000, 0x00000000ca900000, 0x00000000caa00000|  0%| F|  |TAMS 0x00000000ca900000, 0x00000000ca900000| Untracked 
| 170|0x00000000caa00000, 0x00000000caa00000, 0x00000000cab00000|  0%| F|  |TAMS 0x00000000caa00000, 0x00000000caa00000| Untracked 
| 171|0x00000000cab00000, 0x00000000cab00000, 0x00000000cac00000|  0%| F|  |TAMS 0x00000000cab00000, 0x00000000cab00000| Untracked 
| 172|0x00000000cac00000, 0x00000000cac00000, 0x00000000cad00000|  0%| F|  |TAMS 0x00000000cac00000, 0x00000000cac00000| Untracked 
| 173|0x00000000cad00000, 0x00000000cad00000, 0x00000000cae00000|  0%| F|  |TAMS 0x00000000cad00000, 0x00000000cad00000| Untracked 
| 174|0x00000000cae00000, 0x00000000cae00000, 0x00000000caf00000|  0%| F|  |TAMS 0x00000000cae00000, 0x00000000cae00000| Untracked 
| 175|0x00000000caf00000, 0x00000000caf00000, 0x00000000cb000000|  0%| F|  |TAMS 0x00000000caf00000, 0x00000000caf00000| Untracked 
| 176|0x00000000cb000000, 0x00000000cb000000, 0x00000000cb100000|  0%| F|  |TAMS 0x00000000cb000000, 0x00000000cb000000| Untracked 
| 177|0x00000000cb100000, 0x00000000cb100000, 0x00000000cb200000|  0%| F|  |TAMS 0x00000000cb100000, 0x00000000cb100000| Untracked 
| 178|0x00000000cb200000, 0x00000000cb200000, 0x00000000cb300000|  0%| F|  |TAMS 0x00000000cb200000, 0x00000000cb200000| Untracked 
| 179|0x00000000cb300000, 0x00000000cb300000, 0x00000000cb400000|  0%| F|  |TAMS 0x00000000cb300000, 0x00000000cb300000| Untracked 
| 180|0x00000000cb400000, 0x00000000cb400000, 0x00000000cb500000|  0%| F|  |TAMS 0x00000000cb400000, 0x00000000cb400000| Untracked 
| 181|0x00000000cb500000, 0x00000000cb500000, 0x00000000cb600000|  0%| F|  |TAMS 0x00000000cb500000, 0x00000000cb500000| Untracked 
| 182|0x00000000cb600000, 0x00000000cb600000, 0x00000000cb700000|  0%| F|  |TAMS 0x00000000cb600000, 0x00000000cb600000| Untracked 
| 183|0x00000000cb700000, 0x00000000cb700000, 0x00000000cb800000|  0%| F|  |TAMS 0x00000000cb700000, 0x00000000cb700000| Untracked 
| 184|0x00000000cb800000, 0x00000000cb800000, 0x00000000cb900000|  0%| F|  |TAMS 0x00000000cb800000, 0x00000000cb800000| Untracked 
| 185|0x00000000cb900000, 0x00000000cb900000, 0x00000000cba00000|  0%| F|  |TAMS 0x00000000cb900000, 0x00000000cb900000| Untracked 
| 186|0x00000000cba00000, 0x00000000cba00000, 0x00000000cbb00000|  0%| F|  |TAMS 0x00000000cba00000, 0x00000000cba00000| Untracked 
| 187|0x00000000cbb00000, 0x00000000cbb00000, 0x00000000cbc00000|  0%| F|  |TAMS 0x00000000cbb00000, 0x00000000cbb00000| Untracked 
| 188|0x00000000cbc00000, 0x00000000cbc00000, 0x00000000cbd00000|  0%| F|  |TAMS 0x00000000cbc00000, 0x00000000cbc00000| Untracked 
| 189|0x00000000cbd00000, 0x00000000cbd00000, 0x00000000cbe00000|  0%| F|  |TAMS 0x00000000cbd00000, 0x00000000cbd00000| Untracked 
| 190|0x00000000cbe00000, 0x00000000cbe00000, 0x00000000cbf00000|  0%| F|  |TAMS 0x00000000cbe00000, 0x00000000cbe00000| Untracked 
| 191|0x00000000cbf00000, 0x00000000cbf00000, 0x00000000cc000000|  0%| F|  |TAMS 0x00000000cbf00000, 0x00000000cbf00000| Untracked 
| 192|0x00000000cc000000, 0x00000000cc000000, 0x00000000cc100000|  0%| F|  |TAMS 0x00000000cc000000, 0x00000000cc000000| Untracked 
| 193|0x00000000cc100000, 0x00000000cc100000, 0x00000000cc200000|  0%| F|  |TAMS 0x00000000cc100000, 0x00000000cc100000| Untracked 
| 194|0x00000000cc200000, 0x00000000cc200000, 0x00000000cc300000|  0%| F|  |TAMS 0x00000000cc200000, 0x00000000cc200000| Untracked 
| 195|0x00000000cc300000, 0x00000000cc300000, 0x00000000cc400000|  0%| F|  |TAMS 0x00000000cc300000, 0x00000000cc300000| Untracked 
| 196|0x00000000cc400000, 0x00000000cc400000, 0x00000000cc500000|  0%| F|  |TAMS 0x00000000cc400000, 0x00000000cc400000| Untracked 
| 197|0x00000000cc500000, 0x00000000cc500000, 0x00000000cc600000|  0%| F|  |TAMS 0x00000000cc500000, 0x00000000cc500000| Untracked 
| 198|0x00000000cc600000, 0x00000000cc600000, 0x00000000cc700000|  0%| F|  |TAMS 0x00000000cc600000, 0x00000000cc600000| Untracked 
| 199|0x00000000cc700000, 0x00000000cc700000, 0x00000000cc800000|  0%| F|  |TAMS 0x00000000cc700000, 0x00000000cc700000| Untracked 
| 200|0x00000000cc800000, 0x00000000cc800000, 0x00000000cc900000|  0%| F|  |TAMS 0x00000000cc800000, 0x00000000cc800000| Untracked 
| 201|0x00000000cc900000, 0x00000000cc900000, 0x00000000cca00000|  0%| F|  |TAMS 0x00000000cc900000, 0x00000000cc900000| Untracked 
| 202|0x00000000cca00000, 0x00000000cca00000, 0x00000000ccb00000|  0%| F|  |TAMS 0x00000000cca00000, 0x00000000cca00000| Untracked 
| 203|0x00000000ccb00000, 0x00000000ccb00000, 0x00000000ccc00000|  0%| F|  |TAMS 0x00000000ccb00000, 0x00000000ccb00000| Untracked 
| 204|0x00000000ccc00000, 0x00000000ccc00000, 0x00000000ccd00000|  0%| F|  |TAMS 0x00000000ccc00000, 0x00000000ccc00000| Untracked 
| 205|0x00000000ccd00000, 0x00000000ccd00000, 0x00000000cce00000|  0%| F|  |TAMS 0x00000000ccd00000, 0x00000000ccd00000| Untracked 
| 206|0x00000000cce00000, 0x00000000cce00000, 0x00000000ccf00000|  0%| F|  |TAMS 0x00000000cce00000, 0x00000000cce00000| Untracked 
| 207|0x00000000ccf00000, 0x00000000ccf00000, 0x00000000cd000000|  0%| F|  |TAMS 0x00000000ccf00000, 0x00000000ccf00000| Untracked 
| 208|0x00000000cd000000, 0x00000000cd000000, 0x00000000cd100000|  0%| F|  |TAMS 0x00000000cd000000, 0x00000000cd000000| Untracked 
| 209|0x00000000cd100000, 0x00000000cd100000, 0x00000000cd200000|  0%| F|  |TAMS 0x00000000cd100000, 0x00000000cd100000| Untracked 
| 210|0x00000000cd200000, 0x00000000cd200000, 0x00000000cd300000|  0%| F|  |TAMS 0x00000000cd200000, 0x00000000cd200000| Untracked 
| 211|0x00000000cd300000, 0x00000000cd300000, 0x00000000cd400000|  0%| F|  |TAMS 0x00000000cd300000, 0x00000000cd300000| Untracked 
| 212|0x00000000cd400000, 0x00000000cd400000, 0x00000000cd500000|  0%| F|  |TAMS 0x00000000cd400000, 0x00000000cd400000| Untracked 
| 213|0x00000000cd500000, 0x00000000cd500000, 0x00000000cd600000|  0%| F|  |TAMS 0x00000000cd500000, 0x00000000cd500000| Untracked 
| 214|0x00000000cd600000, 0x00000000cd600000, 0x00000000cd700000|  0%| F|  |TAMS 0x00000000cd600000, 0x00000000cd600000| Untracked 
| 215|0x00000000cd700000, 0x00000000cd700000, 0x00000000cd800000|  0%| F|  |TAMS 0x00000000cd700000, 0x00000000cd700000| Untracked 
| 216|0x00000000cd800000, 0x00000000cd800000, 0x00000000cd900000|  0%| F|  |TAMS 0x00000000cd800000, 0x00000000cd800000| Untracked 
| 217|0x00000000cd900000, 0x00000000cd900000, 0x00000000cda00000|  0%| F|  |TAMS 0x00000000cd900000, 0x00000000cd900000| Untracked 
| 218|0x00000000cda00000, 0x00000000cda00000, 0x00000000cdb00000|  0%| F|  |TAMS 0x00000000cda00000, 0x00000000cda00000| Untracked 
| 219|0x00000000cdb00000, 0x00000000cdb00000, 0x00000000cdc00000|  0%| F|  |TAMS 0x00000000cdb00000, 0x00000000cdb00000| Untracked 
| 220|0x00000000cdc00000, 0x00000000cdc00000, 0x00000000cdd00000|  0%| F|  |TAMS 0x00000000cdc00000, 0x00000000cdc00000| Untracked 
| 221|0x00000000cdd00000, 0x00000000cdd00000, 0x00000000cde00000|  0%| F|  |TAMS 0x00000000cdd00000, 0x00000000cdd00000| Untracked 
| 222|0x00000000cde00000, 0x00000000cde00000, 0x00000000cdf00000|  0%| F|  |TAMS 0x00000000cde00000, 0x00000000cde00000| Untracked 
| 223|0x00000000cdf00000, 0x00000000cdf00000, 0x00000000ce000000|  0%| F|  |TAMS 0x00000000cdf00000, 0x00000000cdf00000| Untracked 
| 224|0x00000000ce000000, 0x00000000ce000000, 0x00000000ce100000|  0%| F|  |TAMS 0x00000000ce000000, 0x00000000ce000000| Untracked 
| 225|0x00000000ce100000, 0x00000000ce100000, 0x00000000ce200000|  0%| F|  |TAMS 0x00000000ce100000, 0x00000000ce100000| Untracked 
| 226|0x00000000ce200000, 0x00000000ce200000, 0x00000000ce300000|  0%| F|  |TAMS 0x00000000ce200000, 0x00000000ce200000| Untracked 
| 227|0x00000000ce300000, 0x00000000ce300000, 0x00000000ce400000|  0%| F|  |TAMS 0x00000000ce300000, 0x00000000ce300000| Untracked 
| 228|0x00000000ce400000, 0x00000000ce400000, 0x00000000ce500000|  0%| F|  |TAMS 0x00000000ce400000, 0x00000000ce400000| Untracked 
| 229|0x00000000ce500000, 0x00000000ce500000, 0x00000000ce600000|  0%| F|  |TAMS 0x00000000ce500000, 0x00000000ce500000| Untracked 
| 230|0x00000000ce600000, 0x00000000ce600000, 0x00000000ce700000|  0%| F|  |TAMS 0x00000000ce600000, 0x00000000ce600000| Untracked 
| 231|0x00000000ce700000, 0x00000000ce700000, 0x00000000ce800000|  0%| F|  |TAMS 0x00000000ce700000, 0x00000000ce700000| Untracked 
| 232|0x00000000ce800000, 0x00000000ce800000, 0x00000000ce900000|  0%| F|  |TAMS 0x00000000ce800000, 0x00000000ce800000| Untracked 
| 233|0x00000000ce900000, 0x00000000ce900000, 0x00000000cea00000|  0%| F|  |TAMS 0x00000000ce900000, 0x00000000ce900000| Untracked 
| 234|0x00000000cea00000, 0x00000000cea00000, 0x00000000ceb00000|  0%| F|  |TAMS 0x00000000cea00000, 0x00000000cea00000| Untracked 
| 235|0x00000000ceb00000, 0x00000000ceb00000, 0x00000000cec00000|  0%| F|  |TAMS 0x00000000ceb00000, 0x00000000ceb00000| Untracked 
| 236|0x00000000cec00000, 0x00000000cec00000, 0x00000000ced00000|  0%| F|  |TAMS 0x00000000cec00000, 0x00000000cec00000| Untracked 
| 237|0x00000000ced00000, 0x00000000ced00000, 0x00000000cee00000|  0%| F|  |TAMS 0x00000000ced00000, 0x00000000ced00000| Untracked 
| 238|0x00000000cee00000, 0x00000000cee00000, 0x00000000cef00000|  0%| F|  |TAMS 0x00000000cee00000, 0x00000000cee00000| Untracked 
| 239|0x00000000cef00000, 0x00000000cef00000, 0x00000000cf000000|  0%| F|  |TAMS 0x00000000cef00000, 0x00000000cef00000| Untracked 
| 240|0x00000000cf000000, 0x00000000cf000000, 0x00000000cf100000|  0%| F|  |TAMS 0x00000000cf000000, 0x00000000cf000000| Untracked 
| 241|0x00000000cf100000, 0x00000000cf100000, 0x00000000cf200000|  0%| F|  |TAMS 0x00000000cf100000, 0x00000000cf100000| Untracked 
| 242|0x00000000cf200000, 0x00000000cf200000, 0x00000000cf300000|  0%| F|  |TAMS 0x00000000cf200000, 0x00000000cf200000| Untracked 
| 243|0x00000000cf300000, 0x00000000cf300000, 0x00000000cf400000|  0%| F|  |TAMS 0x00000000cf300000, 0x00000000cf300000| Untracked 
| 244|0x00000000cf400000, 0x00000000cf400000, 0x00000000cf500000|  0%| F|  |TAMS 0x00000000cf400000, 0x00000000cf400000| Untracked 
| 245|0x00000000cf500000, 0x00000000cf500000, 0x00000000cf600000|  0%| F|  |TAMS 0x00000000cf500000, 0x00000000cf500000| Untracked 
| 246|0x00000000cf600000, 0x00000000cf600000, 0x00000000cf700000|  0%| F|  |TAMS 0x00000000cf600000, 0x00000000cf600000| Untracked 
| 247|0x00000000cf700000, 0x00000000cf700000, 0x00000000cf800000|  0%| F|  |TAMS 0x00000000cf700000, 0x00000000cf700000| Untracked 
| 248|0x00000000cf800000, 0x00000000cf800000, 0x00000000cf900000|  0%| F|  |TAMS 0x00000000cf800000, 0x00000000cf800000| Untracked 
| 249|0x00000000cf900000, 0x00000000cf900000, 0x00000000cfa00000|  0%| F|  |TAMS 0x00000000cf900000, 0x00000000cf900000| Untracked 
| 250|0x00000000cfa00000, 0x00000000cfa00000, 0x00000000cfb00000|  0%| F|  |TAMS 0x00000000cfa00000, 0x00000000cfa00000| Untracked 
| 251|0x00000000cfb00000, 0x00000000cfb00000, 0x00000000cfc00000|  0%| F|  |TAMS 0x00000000cfb00000, 0x00000000cfb00000| Untracked 
| 252|0x00000000cfc00000, 0x00000000cfc00000, 0x00000000cfd00000|  0%| F|  |TAMS 0x00000000cfc00000, 0x00000000cfc00000| Untracked 
| 253|0x00000000cfd00000, 0x00000000cfd00000, 0x00000000cfe00000|  0%| F|  |TAMS 0x00000000cfd00000, 0x00000000cfd00000| Untracked 

Card table byte_map: [0x00000180dd4e0000,0x00000180dd6e0000] _byte_map_base: 0x00000180dcee0000

Marking Bits (Prev, Next): (CMBitMap*) 0x00000180d78911a0, (CMBitMap*) 0x00000180d7891160
 Prev Bits: [0x00000180de8e0000, 0x00000180df8e0000)
 Next Bits: [0x00000180dd8e0000, 0x00000180de8e0000)

Polling page: 0x00000180d5820000

Metaspace:

Usage:
  Non-class:     41.18 MB used.
      Class:      5.93 MB used.
       Both:     47.11 MB used.

Virtual space:
  Non-class space:       48.00 MB reserved,      41.38 MB ( 86%) committed,  6 nodes.
      Class space:        1.00 GB reserved,       6.12 MB ( <1%) committed,  1 nodes.
             Both:        1.05 GB reserved,      47.50 MB (  4%) committed. 

Chunk freelists:
   Non-Class:  2.28 MB
       Class:  1.84 MB
        Both:  4.12 MB

MaxMetaspaceSize: unlimited
CompressedClassSpaceSize: 1.00 GB
Initial GC threshold: 21.00 MB
Current GC threshold: 74.94 MB
CDS: off
MetaspaceReclaimPolicy: balanced
 - commit_granule_bytes: 65536.
 - commit_granule_words: 8192.
 - virtual_space_node_default_size: 1048576.
 - enlarge_chunks_in_place: 1.
 - new_chunks_are_fully_committed: 0.
 - uncommit_free_chunks: 1.
 - use_allocation_guard: 0.
 - handle_deallocations: 1.


Internal statistics:

num_allocs_failed_limit: 8.
num_arena_births: 570.
num_arena_deaths: 94.
num_vsnodes_births: 7.
num_vsnodes_deaths: 0.
num_space_committed: 760.
num_space_uncommitted: 0.
num_chunks_returned_to_freelist: 115.
num_chunks_taken_from_freelist: 2117.
num_chunk_merges: 41.
num_chunk_splits: 1414.
num_chunks_enlarged: 1045.
num_purges: 2.
num_inconsistent_stats: 0.

CodeCache: size=49152Kb used=10018Kb max_used=10018Kb free=39133Kb
 bounds [0x00000180da4e0000, 0x00000180daeb0000, 0x00000180dd4e0000]
 total_blobs=5399 nmethods=4787 adapters=538
 compilation: enabled
              stopped_count=0, restarted_count=0
 full_count=0

Compilation events (20 events):
Event: 144.934 Thread 0x00000180e48561d0 4780       1       com.fasterxml.jackson.databind.JavaType::getReferencedType (2 bytes)
Event: 144.935 Thread 0x00000180e48561d0 nmethod 4780 0x00000180daea4110 code [0x00000180daea42a0, 0x00000180daea4378]
Event: 144.937 Thread 0x00000180e48561d0 4781       1       java.lang.invoke.VarHandleGuards::guard_LI_L (89 bytes)
Event: 144.938 Thread 0x00000180e1da5a60 4782       1       java.util.concurrent.atomic.AtomicReferenceArray::get (12 bytes)
Event: 144.940 Thread 0x00000180e1da5a60 nmethod 4782 0x00000180daea4410 code [0x00000180daea45e0, 0x00000180daea4948]
Event: 144.940 Thread 0x00000180e1da5a60 4783       1       java.lang.invoke.VarHandleReferences$Array::getVolatile (49 bytes)
Event: 144.941 Thread 0x00000180e1da5a60 nmethod 4783 0x00000180daea4b90 code [0x00000180daea4d80, 0x00000180daea52c8]
Event: 144.942 Thread 0x00000180e1da5a60 4787       1       com.fasterxml.jackson.databind.introspect.AnnotationCollector$NoAnnotations::get (2 bytes)
Event: 144.942 Thread 0x00000180e48561d0 nmethod 4781 0x00000180daea5590 code [0x00000180daea5840, 0x00000180daea63e8]
Event: 144.942 Thread 0x00000180e48561d0 4784       1       java.util.concurrent.atomic.AtomicLongArray::get (12 bytes)
Event: 144.942 Thread 0x00000180e1da5a60 nmethod 4787 0x00000180daea6a90 code [0x00000180daea6c20, 0x00000180daea6cf8]
Event: 144.942 Thread 0x00000180e1da5a60 4785       1       java.lang.invoke.VarHandleLongs$Array::getVolatile (42 bytes)
Event: 144.943 Thread 0x00000180e48561d0 nmethod 4784 0x00000180daea6d90 code [0x00000180daea6f20, 0x00000180daea7068]
Event: 144.943 Thread 0x00000180e1da5a60 nmethod 4785 0x00000180daea7190 code [0x00000180daea7360, 0x00000180daea7768]
Event: 144.943 Thread 0x00000180e48561d0 4786       1       com.fasterxml.jackson.databind.util.internal.PrivateMaxEntriesMap::readBufferIndex (7 bytes)
Event: 144.944 Thread 0x00000180e48561d0 nmethod 4786 0x00000180daea7990 code [0x00000180daea7b20, 0x00000180daea7bd8]
Event: 144.944 Thread 0x00000180e48561d0 4788       1       java.util.concurrent.atomic.AtomicLongArray::lazySet (13 bytes)
Event: 144.944 Thread 0x00000180e1da5a60 4789       1       java.lang.invoke.VarHandleLongs$Array::setRelease (46 bytes)
Event: 144.946 Thread 0x00000180e48561d0 nmethod 4788 0x00000180daea7c90 code [0x00000180daea7e20, 0x00000180daea7f88]
Event: 144.946 Thread 0x00000180e1da5a60 nmethod 4789 0x00000180daea8110 code [0x00000180daea82e0, 0x00000180daea8708]

GC Heap History (20 events):
Event: 139.203 GC heap after
{Heap after GC invocations=40 (full 0):
 garbage-first heap   total 246784K, used 97705K [0x00000000c0000000, 0x0000000100000000)
  region size 1024K, 7 young (7168K), 7 survivors (7168K)
 Metaspace       used 43045K, committed 43520K, reserved 1089536K
  class space    used 5394K, committed 5632K, reserved 1048576K
}
Event: 139.721 GC heap before
{Heap before GC invocations=40 (full 0):
 garbage-first heap   total 246784K, used 194985K [0x00000000c0000000, 0x0000000100000000)
  region size 1024K, 103 young (105472K), 7 survivors (7168K)
 Metaspace       used 43751K, committed 44224K, reserved 1089536K
  class space    used 5491K, committed 5696K, reserved 1048576K
}
Event: 139.739 GC heap after
{Heap after GC invocations=41 (full 0):
 garbage-first heap   total 246784K, used 101464K [0x00000000c0000000, 0x0000000100000000)
  region size 1024K, 11 young (11264K), 11 survivors (11264K)
 Metaspace       used 43751K, committed 44224K, reserved 1089536K
  class space    used 5491K, committed 5696K, reserved 1048576K
}
Event: 140.829 GC heap before
{Heap before GC invocations=41 (full 0):
 garbage-first heap   total 246784K, used 199768K [0x00000000c0000000, 0x0000000100000000)
  region size 1024K, 108 young (110592K), 11 survivors (11264K)
 Metaspace       used 44313K, committed 44736K, reserved 1089536K
  class space    used 5570K, committed 5760K, reserved 1048576K
}
Event: 140.856 GC heap after
{Heap after GC invocations=42 (full 0):
 garbage-first heap   total 246784K, used 106247K [0x00000000c0000000, 0x0000000100000000)
  region size 1024K, 9 young (9216K), 9 survivors (9216K)
 Metaspace       used 44313K, committed 44736K, reserved 1089536K
  class space    used 5570K, committed 5760K, reserved 1048576K
}
Event: 141.547 GC heap before
{Heap before GC invocations=42 (full 0):
 garbage-first heap   total 246784K, used 202503K [0x00000000c0000000, 0x0000000100000000)
  region size 1024K, 104 young (106496K), 9 survivors (9216K)
 Metaspace       used 45011K, committed 45376K, reserved 1089536K
  class space    used 5651K, committed 5824K, reserved 1048576K
}
Event: 141.569 GC heap after
{Heap after GC invocations=43 (full 0):
 garbage-first heap   total 246784K, used 110320K [0x00000000c0000000, 0x0000000100000000)
  region size 1024K, 9 young (9216K), 9 survivors (9216K)
 Metaspace       used 45011K, committed 45376K, reserved 1089536K
  class space    used 5651K, committed 5824K, reserved 1048576K
}
Event: 141.993 GC heap before
{Heap before GC invocations=43 (full 0):
 garbage-first heap   total 246784K, used 204528K [0x00000000c0000000, 0x0000000100000000)
  region size 1024K, 102 young (104448K), 9 survivors (9216K)
 Metaspace       used 45535K, committed 45888K, reserved 1089536K
  class space    used 5725K, committed 5888K, reserved 1048576K
}
Event: 142.015 GC heap after
{Heap after GC invocations=44 (full 0):
 garbage-first heap   total 246784K, used 114280K [0x00000000c0000000, 0x0000000100000000)
  region size 1024K, 8 young (8192K), 8 survivors (8192K)
 Metaspace       used 45535K, committed 45888K, reserved 1089536K
  class space    used 5725K, committed 5888K, reserved 1048576K
}
Event: 142.738 GC heap before
{Heap before GC invocations=45 (full 0):
 garbage-first heap   total 260096K, used 203368K [0x00000000c0000000, 0x0000000100000000)
  region size 1024K, 98 young (100352K), 8 survivors (8192K)
 Metaspace       used 45722K, committed 46080K, reserved 1089536K
  class space    used 5750K, committed 5888K, reserved 1048576K
}
Event: 142.762 GC heap after
{Heap after GC invocations=46 (full 0):
 garbage-first heap   total 260096K, used 116926K [0x00000000c0000000, 0x0000000100000000)
  region size 1024K, 9 young (9216K), 9 survivors (9216K)
 Metaspace       used 45722K, committed 46080K, reserved 1089536K
  class space    used 5750K, committed 5888K, reserved 1048576K
}
Event: 142.843 GC heap before
{Heap before GC invocations=46 (full 0):
 garbage-first heap   total 260096K, used 118974K [0x00000000c0000000, 0x0000000100000000)
  region size 1024K, 12 young (12288K), 9 survivors (9216K)
 Metaspace       used 45777K, committed 46208K, reserved 1089536K
  class space    used 5763K, committed 5952K, reserved 1048576K
}
Event: 142.870 GC heap after
{Heap after GC invocations=47 (full 0):
 garbage-first heap   total 260096K, used 115460K [0x00000000c0000000, 0x0000000100000000)
  region size 1024K, 2 young (2048K), 2 survivors (2048K)
 Metaspace       used 45777K, committed 46208K, reserved 1089536K
  class space    used 5763K, committed 5952K, reserved 1048576K
}
Event: 143.645 GC heap before
{Heap before GC invocations=47 (full 0):
 garbage-first heap   total 260096K, used 215812K [0x00000000c0000000, 0x0000000100000000)
  region size 1024K, 101 young (103424K), 2 survivors (2048K)
 Metaspace       used 46647K, committed 47040K, reserved 1097728K
  class space    used 5870K, committed 6080K, reserved 1048576K
}
Event: 143.658 GC heap after
{Heap after GC invocations=48 (full 0):
 garbage-first heap   total 260096K, used 118775K [0x00000000c0000000, 0x0000000100000000)
  region size 1024K, 5 young (5120K), 5 survivors (5120K)
 Metaspace       used 46647K, committed 47040K, reserved 1097728K
  class space    used 5870K, committed 6080K, reserved 1048576K
}
Event: 144.124 GC heap before
{Heap before GC invocations=48 (full 0):
 garbage-first heap   total 260096K, used 217079K [0x00000000c0000000, 0x0000000100000000)
  region size 1024K, 102 young (104448K), 5 survivors (5120K)
 Metaspace       used 47831K, committed 48320K, reserved 1097728K
  class space    used 6031K, committed 6272K, reserved 1048576K
}
Event: 144.141 GC heap after
{Heap after GC invocations=49 (full 0):
 garbage-first heap   total 260096K, used 123015K [0x00000000c0000000, 0x0000000100000000)
  region size 1024K, 9 young (9216K), 9 survivors (9216K)
 Metaspace       used 47831K, committed 48320K, reserved 1097728K
  class space    used 6031K, committed 6272K, reserved 1048576K
}
Event: 144.678 GC heap before
{Heap before GC invocations=49 (full 0):
 garbage-first heap   total 260096K, used 218247K [0x00000000c0000000, 0x0000000100000000)
  region size 1024K, 103 young (105472K), 9 survivors (9216K)
 Metaspace       used 47953K, committed 48448K, reserved 1097728K
  class space    used 6045K, committed 6272K, reserved 1048576K
}
Event: 144.705 GC heap after
{Heap after GC invocations=50 (full 0):
 garbage-first heap   total 260096K, used 129214K [0x00000000c0000000, 0x0000000100000000)
  region size 1024K, 11 young (11264K), 11 survivors (11264K)
 Metaspace       used 47953K, committed 48448K, reserved 1097728K
  class space    used 6045K, committed 6272K, reserved 1048576K
}
Event: 144.947 GC heap before
{Heap before GC invocations=50 (full 0):
 garbage-first heap   total 260096K, used 219326K [0x00000000c0000000, 0x0000000100000000)
  region size 1024K, 100 young (102400K), 11 survivors (11264K)
 Metaspace       used 48237K, committed 48640K, reserved 1097728K
  class space    used 6072K, committed 6272K, reserved 1048576K
}

Dll operation events (8 events):
Event: 0.206 Loaded shared library C:\Visucode\vscode\data\extensions\redhat.java-1.15.0-win32-x64\jre\17.0.6-win32-x86_64\bin\java.dll
Event: 6.670 Loaded shared library C:\Visucode\vscode\data\extensions\redhat.java-1.15.0-win32-x64\jre\17.0.6-win32-x86_64\bin\net.dll
Event: 6.693 Loaded shared library C:\Visucode\vscode\data\extensions\redhat.java-1.15.0-win32-x64\jre\17.0.6-win32-x86_64\bin\nio.dll
Event: 8.355 Loaded shared library C:\Visucode\vscode\data\extensions\redhat.java-1.15.0-win32-x64\jre\17.0.6-win32-x86_64\bin\zip.dll
Event: 57.405 Loaded shared library C:\Visucode\vscode\data\extensions\redhat.java-1.15.0-win32-x64\jre\17.0.6-win32-x86_64\bin\jimage.dll
Event: 111.966 Loaded shared library C:\Visucode\vscode\data\extensions\redhat.java-1.15.0-win32-x64\jre\17.0.6-win32-x86_64\bin\management.dll
Event: 112.144 Loaded shared library C:\Visucode\vscode\data\extensions\redhat.java-1.15.0-win32-x64\jre\17.0.6-win32-x86_64\bin\management_ext.dll
Event: 143.847 Loaded shared library C:\Visucode\vscode\data\extensions\redhat.java-1.15.0-win32-x64\jre\17.0.6-win32-x86_64\bin\sunmscapi.dll

Deoptimization events (20 events):
Event: 69.675 Thread 0x00000180d78506f0 DEOPT PACKING pc=0x00000180da956899 sp=0x00000048117fd480
Event: 69.675 Thread 0x00000180d78506f0 DEOPT UNPACKING pc=0x00000180da537143 sp=0x00000048117fc960 mode 3
Event: 116.485 Thread 0x00000180e463c9e0 DEOPT PACKING pc=0x00000180da9cc835 sp=0x00000048130fd170
Event: 116.485 Thread 0x00000180e463c9e0 DEOPT UNPACKING pc=0x00000180da537143 sp=0x00000048130fc698 mode 3
Event: 117.337 Thread 0x00000180e2e4f6c0 DEOPT PACKING pc=0x00000180da957c01 sp=0x0000004812ffd5f0
Event: 117.337 Thread 0x00000180e2e4f6c0 DEOPT UNPACKING pc=0x00000180da537143 sp=0x0000004812ffca80 mode 3
Event: 117.631 Thread 0x00000180e463c9e0 DEOPT PACKING pc=0x00000180da953917 sp=0x00000048130fee10
Event: 117.632 Thread 0x00000180e463c9e0 DEOPT UNPACKING pc=0x00000180da537143 sp=0x00000048130fe268 mode 3
Event: 120.848 Thread 0x00000180e32781e0 DEOPT PACKING pc=0x00000180daaec3ab sp=0x00000048132fe930
Event: 120.848 Thread 0x00000180e32781e0 DEOPT UNPACKING pc=0x00000180da537143 sp=0x00000048132fde78 mode 3
Event: 128.191 Thread 0x00000180e3004d80 DEOPT PACKING pc=0x00000180dac7f7dc sp=0x00000048138fe760
Event: 128.192 Thread 0x00000180e3004d80 DEOPT UNPACKING pc=0x00000180da537143 sp=0x00000048138fdbf0 mode 0
Event: 128.394 Thread 0x00000180e3004d80 DEOPT PACKING pc=0x00000180dac71a14 sp=0x00000048138fe640
Event: 128.395 Thread 0x00000180e3004d80 DEOPT UNPACKING pc=0x00000180da537143 sp=0x00000048138fdb20 mode 0
Event: 135.075 Thread 0x00000180e463c9e0 DEOPT PACKING pc=0x00000180da65b6cc sp=0x00000048130fc9b0
Event: 135.075 Thread 0x00000180e463c9e0 DEOPT UNPACKING pc=0x00000180da537143 sp=0x00000048130fbf40 mode 0
Event: 140.658 Thread 0x00000180e3002bd0 DEOPT PACKING pc=0x00000180da65350c sp=0x0000004813efea50
Event: 140.658 Thread 0x00000180e3002bd0 DEOPT UNPACKING pc=0x00000180da537143 sp=0x0000004813efdf18 mode 0
Event: 144.015 Thread 0x00000180e3005250 DEOPT PACKING pc=0x00000180dae5b1d4 sp=0x0000004813dfde00
Event: 144.015 Thread 0x00000180e3005250 DEOPT UNPACKING pc=0x00000180da537143 sp=0x0000004813dfd478 mode 0

Classes unloaded (20 events):
Event: 121.412 Thread 0x00000180e1d59920 Unloading class 0x000000010034d800 'java/lang/invoke/LambdaForm$MH+0x000000010034d800'
Event: 121.412 Thread 0x00000180e1d59920 Unloading class 0x000000010034d400 'java/lang/invoke/LambdaForm$MH+0x000000010034d400'
Event: 121.412 Thread 0x00000180e1d59920 Unloading class 0x000000010034c000 'java/lang/invoke/LambdaForm$DMH+0x000000010034c000'
Event: 121.413 Thread 0x00000180e1d59920 Unloading class 0x0000000100221400 'java/lang/invoke/LambdaForm$MH+0x0000000100221400'
Event: 121.413 Thread 0x00000180e1d59920 Unloading class 0x0000000100220800 'java/lang/invoke/LambdaForm$MH+0x0000000100220800'
Event: 121.413 Thread 0x00000180e1d59920 Unloading class 0x0000000100215000 'java/lang/invoke/LambdaForm$DMH+0x0000000100215000'
Event: 121.413 Thread 0x00000180e1d59920 Unloading class 0x0000000100091c00 'java/lang/invoke/LambdaForm$MH+0x0000000100091c00'
Event: 121.413 Thread 0x00000180e1d59920 Unloading class 0x0000000100091800 'java/lang/invoke/LambdaForm$MH+0x0000000100091800'
Event: 121.413 Thread 0x00000180e1d59920 Unloading class 0x0000000100091400 'java/lang/invoke/LambdaForm$MH+0x0000000100091400'
Event: 121.413 Thread 0x00000180e1d59920 Unloading class 0x0000000100091000 'java/lang/invoke/LambdaForm$MH+0x0000000100091000'
Event: 121.413 Thread 0x00000180e1d59920 Unloading class 0x0000000100090c00 'java/lang/invoke/LambdaForm$MH+0x0000000100090c00'
Event: 121.413 Thread 0x00000180e1d59920 Unloading class 0x0000000100090800 'java/lang/invoke/LambdaForm$MH+0x0000000100090800'
Event: 121.413 Thread 0x00000180e1d59920 Unloading class 0x0000000100090400 'java/lang/invoke/LambdaForm$MH+0x0000000100090400'
Event: 121.413 Thread 0x00000180e1d59920 Unloading class 0x0000000100090000 'java/lang/invoke/LambdaForm$MH+0x0000000100090000'
Event: 121.414 Thread 0x00000180e1d59920 Unloading class 0x000000010008b800 'java/lang/invoke/LambdaForm$MH+0x000000010008b800'
Event: 121.414 Thread 0x00000180e1d59920 Unloading class 0x000000010008b400 'java/lang/invoke/LambdaForm$MH+0x000000010008b400'
Event: 121.414 Thread 0x00000180e1d59920 Unloading class 0x000000010008b000 'java/lang/invoke/LambdaForm$MH+0x000000010008b000'
Event: 121.414 Thread 0x00000180e1d59920 Unloading class 0x000000010008ac00 'java/lang/invoke/LambdaForm$MH+0x000000010008ac00'
Event: 121.414 Thread 0x00000180e1d59920 Unloading class 0x000000010008a800 'java/lang/invoke/LambdaForm$MH+0x000000010008a800'
Event: 121.414 Thread 0x00000180e1d59920 Unloading class 0x000000010008a400 'java/lang/invoke/LambdaForm$MH+0x000000010008a400'

Classes redefined (0 events):
No events

Internal exceptions (20 events):
Event: 124.420 Thread 0x00000180e30030a0 Exception <a 'sun/nio/fs/WindowsException'{0x00000000c5d70cb0}> (0x00000000c5d70cb0) 
thrown [s\src\hotspot\share\prims\jni.cpp, line 516]
Event: 124.541 Thread 0x00000180e3002700 Exception <a 'sun/nio/fs/WindowsException'{0x00000000c5fbb280}> (0x00000000c5fbb280) 
thrown [s\src\hotspot\share\prims\jni.cpp, line 516]
Event: 128.264 Thread 0x00000180e463c9e0 Exception <a 'java/lang/NoSuchMethodError'{0x00000000c5dfe9d8}: 'java.lang.Object java.lang.invoke.Invokers$Holder.invoke_MT(java.lang.Object, java.lang.Object, java.lang.Object)'> (0x00000000c5dfe9d8) 
thrown [s\src\hotspot\share\interpreter\linkResolver.cpp, line 759]
Event: 136.998 Thread 0x00000180e463c9e0 Exception <a 'java/lang/NoSuchMethodError'{0x00000000ca9b5748}: 'java.lang.Object java.lang.invoke.DirectMethodHandle$Holder.newInvokeSpecial(java.lang.Object, java.lang.Object, int)'> (0x00000000ca9b5748) 
thrown [s\src\hotspot\share\interpreter\linkResolver.cpp, line 759]
Event: 138.797 Thread 0x00000180e6543890 Exception <a 'sun/nio/fs/WindowsException'{0x00000000caf2e370}> (0x00000000caf2e370) 
thrown [s\src\hotspot\share\prims\jni.cpp, line 516]
Event: 138.799 Thread 0x00000180e6543890 Exception <a 'sun/nio/fs/WindowsException'{0x00000000caf2ed98}> (0x00000000caf2ed98) 
thrown [s\src\hotspot\share\prims\jni.cpp, line 516]
Event: 138.799 Thread 0x00000180e6543890 Exception <a 'sun/nio/fs/WindowsException'{0x00000000caf2f778}> (0x00000000caf2f778) 
thrown [s\src\hotspot\share\prims\jni.cpp, line 516]
Event: 138.801 Thread 0x00000180e6543890 Exception <a 'sun/nio/fs/WindowsException'{0x00000000ca798740}> (0x00000000ca798740) 
thrown [s\src\hotspot\share\prims\jni.cpp, line 516]
Event: 138.801 Thread 0x00000180e6543890 Exception <a 'sun/nio/fs/WindowsException'{0x00000000ca7992a0}> (0x00000000ca7992a0) 
thrown [s\src\hotspot\share\prims\jni.cpp, line 516]
Event: 138.818 Thread 0x00000180e6543890 Exception <a 'sun/nio/fs/WindowsException'{0x00000000ca5b9a30}> (0x00000000ca5b9a30) 
thrown [s\src\hotspot\share\prims\jni.cpp, line 516]
Event: 138.818 Thread 0x00000180e6543890 Exception <a 'sun/nio/fs/WindowsException'{0x00000000ca5ba458}> (0x00000000ca5ba458) 
thrown [s\src\hotspot\share\prims\jni.cpp, line 516]
Event: 138.819 Thread 0x00000180e6543890 Exception <a 'sun/nio/fs/WindowsException'{0x00000000ca5bae38}> (0x00000000ca5bae38) 
thrown [s\src\hotspot\share\prims\jni.cpp, line 516]
Event: 138.819 Thread 0x00000180e6543890 Exception <a 'sun/nio/fs/WindowsException'{0x00000000ca5bb930}> (0x00000000ca5bb930) 
thrown [s\src\hotspot\share\prims\jni.cpp, line 516]
Event: 138.820 Thread 0x00000180e6543890 Exception <a 'sun/nio/fs/WindowsException'{0x00000000ca5bc490}> (0x00000000ca5bc490) 
thrown [s\src\hotspot\share\prims\jni.cpp, line 516]
Event: 138.936 Thread 0x00000180e6543890 Exception <a 'sun/nio/fs/WindowsException'{0x00000000c8c76950}> (0x00000000c8c76950) 
thrown [s\src\hotspot\share\prims\jni.cpp, line 516]
Event: 139.271 Thread 0x00000180e3002bd0 Exception <a 'java/lang/NoSuchMethodError'{0x00000000ce5c8660}: 'void java.lang.invoke.DirectMethodHandle$Holder.invokeVirtual(java.lang.Object, java.lang.Object, java.lang.Object, java.lang.Object)'> (0x00000000ce5c8660) 
thrown [s\src\hotspot\share\interpreter\linkResolver.cpp, line 759]
Event: 141.433 Thread 0x00000180e65416e0 Exception <a 'sun/nio/fs/WindowsException'{0x00000000cad2cc48}> (0x00000000cad2cc48) 
thrown [s\src\hotspot\share\prims\jni.cpp, line 516]
Event: 141.583 Thread 0x00000180e65416e0 Exception <a 'java/lang/NoSuchMethodError'{0x00000000cee78b30}: 'int java.lang.invoke.DirectMethodHandle$Holder.invokeStaticInit(java.lang.Object, java.lang.Object, java.lang.Object, java.lang.Object)'> (0x00000000cee78b30) 
thrown [s\src\hotspot\share\interpreter\linkResolver.cpp, line 759]
Event: 141.645 Thread 0x00000180e3005250 Exception <a 'java/lang/IncompatibleClassChangeError'{0x00000000ce207a90}: Found class java.lang.Object, but interface was expected> (0x00000000ce207a90) 
thrown [s\src\hotspot\share\interpreter\linkResolver.cpp, line 826]
Event: 142.937 Thread 0x00000180e3005250 Exception <a 'java/lang/NoSuchMethodError'{0x00000000cf494330}: 'int java.lang.invoke.DirectMethodHandle$Holder.invokeSpecialIFC(java.lang.Object, java.lang.Object, java.lang.Object)'> (0x00000000cf494330) 
thrown [s\src\hotspot\share\interpreter\linkResolver.cpp, line 759]

VM Operations (20 events):
Event: 143.631 Executing VM operation: G1CollectForAllocation done
Event: 143.631 Executing VM operation: G1CollectForAllocation
Event: 143.660 Executing VM operation: G1CollectForAllocation done
Event: 143.976 Executing VM operation: HandshakeAllThreads
Event: 144.013 Executing VM operation: HandshakeAllThreads done
Event: 144.069 Executing VM operation: HandshakeAllThreads
Event: 144.084 Executing VM operation: HandshakeAllThreads done
Event: 144.084 Executing VM operation: HandshakeAllThreads
Event: 144.097 Executing VM operation: HandshakeAllThreads done
Event: 144.124 Executing VM operation: G1CollectForAllocation
Event: 144.156 Executing VM operation: G1CollectForAllocation done
Event: 144.253 Executing VM operation: HandshakeAllThreads
Event: 144.257 Executing VM operation: HandshakeAllThreads done
Event: 144.653 Executing VM operation: G1CollectForAllocation
Event: 144.661 Executing VM operation: G1CollectForAllocation done
Event: 144.661 Executing VM operation: G1CollectForAllocation
Event: 144.705 Executing VM operation: G1CollectForAllocation done
Event: 144.929 Executing VM operation: G1CollectForAllocation
Event: 144.946 Executing VM operation: G1CollectForAllocation done
Event: 144.947 Executing VM operation: G1CollectForAllocation

Events (20 events):
Event: 144.720 loading class jdk/net/ExtendedSocketOptions$PlatformSocketOptions
Event: 144.720 loading class jdk/net/ExtendedSocketOptions$PlatformSocketOptions done
Event: 144.720 loading class jdk/net/ExtendedSocketOptions$PlatformSocketOptions$1
Event: 144.721 loading class jdk/net/ExtendedSocketOptions$PlatformSocketOptions$1 done
Event: 144.722 loading class jdk/net/ExtendedSocketOptions$1
Event: 144.722 loading class jdk/net/ExtendedSocketOptions$1 done
Event: 144.725 loading class java/net/StandardProtocolFamily
Event: 144.725 loading class java/net/StandardProtocolFamily done
Event: 144.727 loading class java/net/SocksSocketImpl$3
Event: 144.727 loading class java/net/SocksSocketImpl$3 done
Event: 144.728 loading class sun/net/NetHooks
Event: 144.728 loading class sun/net/NetHooks done
Event: 144.942 loading class javax/net/ssl/SNIHostName
Event: 144.943 loading class javax/net/ssl/SNIServerName
Event: 144.943 loading class javax/net/ssl/SNIServerName done
Event: 144.943 loading class javax/net/ssl/SNIHostName done
Event: 144.944 loading class java/net/IDN
Event: 144.944 loading class java/net/IDN done
Event: 144.944 loading class jdk/internal/icu/text/StringPrep
Event: 144.945 loading class jdk/internal/icu/text/StringPrep done


Dynamic libraries:
0x00007ff662bd0000 - 0x00007ff662bde000 	C:\Visucode\vscode\data\extensions\redhat.java-1.15.0-win32-x64\jre\17.0.6-win32-x86_64\bin\java.exe
0x00007ffea9e90000 - 0x00007ffeaa088000 	C:\Windows\SYSTEM32\ntdll.dll
0x00007ffea7f60000 - 0x00007ffea801f000 	C:\Windows\System32\KERNEL32.DLL
0x00007ffea7a20000 - 0x00007ffea7d16000 	C:\Windows\System32\KERNELBASE.dll
0x00007ffea7d20000 - 0x00007ffea7e20000 	C:\Windows\System32\ucrtbase.dll
0x00007ffe9f000000 - 0x00007ffe9f017000 	C:\Visucode\vscode\data\extensions\redhat.java-1.15.0-win32-x64\jre\17.0.6-win32-x86_64\bin\jli.dll
0x00007ffea8690000 - 0x00007ffea882d000 	C:\Windows\System32\USER32.dll
0x00007ffea7980000 - 0x00007ffea79a2000 	C:\Windows\System32\win32u.dll
0x00007ffea88c0000 - 0x00007ffea88ec000 	C:\Windows\System32\GDI32.dll
0x00007ffea7860000 - 0x00007ffea7975000 	C:\Windows\System32\gdi32full.dll
0x00007ffea7e50000 - 0x00007ffea7eed000 	C:\Windows\System32\msvcp_win.dll
0x00007ffe9bb30000 - 0x00007ffe9bb49000 	C:\Visucode\vscode\data\extensions\redhat.java-1.15.0-win32-x64\jre\17.0.6-win32-x86_64\bin\VCRUNTIME140.dll
0x00007ffe97bb0000 - 0x00007ffe97e4a000 	C:\Windows\WinSxS\amd64_microsoft.windows.common-controls_6595b64144ccf1df_6.0.19041.1110_none_60b5254171f9507e\COMCTL32.dll
0x00007ffea98e0000 - 0x00007ffea997e000 	C:\Windows\System32\msvcrt.dll
0x00007ffea84b0000 - 0x00007ffea84e0000 	C:\Windows\System32\IMM32.DLL
0x00007ffea19b0000 - 0x00007ffea19bc000 	C:\Visucode\vscode\data\extensions\redhat.java-1.15.0-win32-x64\jre\17.0.6-win32-x86_64\bin\vcruntime140_1.dll
0x00007ffe81860000 - 0x00007ffe818f1000 	C:\Visucode\vscode\data\extensions\redhat.java-1.15.0-win32-x64\jre\17.0.6-win32-x86_64\bin\msvcp140.dll
0x00007ffe361a0000 - 0x00007ffe36de7000 	C:\Visucode\vscode\data\extensions\redhat.java-1.15.0-win32-x64\jre\17.0.6-win32-x86_64\bin\server\jvm.dll
0x00007ffea81a0000 - 0x00007ffea824f000 	C:\Windows\System32\ADVAPI32.dll
0x00007ffea8020000 - 0x00007ffea80bc000 	C:\Windows\System32\sechost.dll
0x00007ffea8560000 - 0x00007ffea8686000 	C:\Windows\System32\RPCRT4.dll
0x00007ffe932a0000 - 0x00007ffe932a9000 	C:\Windows\SYSTEM32\WSOCK32.dll
0x00007ffea8fb0000 - 0x00007ffea901b000 	C:\Windows\System32\WS2_32.dll
0x00007ffe95b60000 - 0x00007ffe95b87000 	C:\Windows\SYSTEM32\WINMM.dll
0x00007ffe96ca0000 - 0x00007ffe96caa000 	C:\Windows\SYSTEM32\VERSION.dll
0x00007ffea53f0000 - 0x00007ffea5402000 	C:\Windows\SYSTEM32\kernel.appcore.dll
0x00007ffea1910000 - 0x00007ffea191a000 	C:\Visucode\vscode\data\extensions\redhat.java-1.15.0-win32-x64\jre\17.0.6-win32-x86_64\bin\jimage.dll
0x00007ffe95be0000 - 0x00007ffe95dc4000 	C:\Windows\SYSTEM32\DBGHELP.DLL
0x00007ffe95a60000 - 0x00007ffe95a94000 	C:\Windows\SYSTEM32\dbgcore.DLL
0x00007ffea7570000 - 0x00007ffea75f2000 	C:\Windows\System32\bcryptPrimitives.dll
0x00007ffe9b6b0000 - 0x00007ffe9b6d5000 	C:\Visucode\vscode\data\extensions\redhat.java-1.15.0-win32-x64\jre\17.0.6-win32-x86_64\bin\java.dll
0x00007ffe944e0000 - 0x00007ffe944f8000 	C:\Visucode\vscode\data\extensions\redhat.java-1.15.0-win32-x64\jre\17.0.6-win32-x86_64\bin\zip.dll
0x00007ffea9130000 - 0x00007ffea9874000 	C:\Windows\System32\SHELL32.dll
0x00007ffea55f0000 - 0x00007ffea5d83000 	C:\Windows\SYSTEM32\windows.storage.dll
0x00007ffea9af0000 - 0x00007ffea9e44000 	C:\Windows\System32\combase.dll
0x00007ffea6e10000 - 0x00007ffea6e3e000 	C:\Windows\SYSTEM32\Wldp.dll
0x00007ffea8400000 - 0x00007ffea84ad000 	C:\Windows\System32\SHCORE.dll
0x00007ffea9020000 - 0x00007ffea9075000 	C:\Windows\System32\shlwapi.dll
0x00007ffea74b0000 - 0x00007ffea74cf000 	C:\Windows\SYSTEM32\profapi.dll
0x00007ffe94430000 - 0x00007ffe94449000 	C:\Visucode\vscode\data\extensions\redhat.java-1.15.0-win32-x64\jre\17.0.6-win32-x86_64\bin\net.dll
0x00007ffe9dab0000 - 0x00007ffe9dbba000 	C:\Windows\SYSTEM32\WINHTTP.dll
0x00007ffea6bf0000 - 0x00007ffea6c5a000 	C:\Windows\system32\mswsock.dll
0x00007ffe90bf0000 - 0x00007ffe90c05000 	C:\Visucode\vscode\data\extensions\redhat.java-1.15.0-win32-x64\jre\17.0.6-win32-x86_64\bin\nio.dll
0x00007ffea6fb0000 - 0x00007ffea6fc8000 	C:\Windows\SYSTEM32\CRYPTSP.dll
0x00007ffea6530000 - 0x00007ffea6564000 	C:\Windows\system32\rsaenh.dll
0x00007ffea7e20000 - 0x00007ffea7e47000 	C:\Windows\System32\bcrypt.dll
0x00007ffea7430000 - 0x00007ffea745e000 	C:\Windows\SYSTEM32\USERENV.dll
0x00007ffea6d80000 - 0x00007ffea6d8c000 	C:\Windows\SYSTEM32\CRYPTBASE.dll
0x00007ffea6900000 - 0x00007ffea693c000 	C:\Windows\SYSTEM32\IPHLPAPI.DLL
0x00007ffea7ef0000 - 0x00007ffea7ef8000 	C:\Windows\System32\NSI.dll
0x00007ffe9ed70000 - 0x00007ffe9ed87000 	C:\Windows\SYSTEM32\dhcpcsvc6.DLL
0x00007ffe9e010000 - 0x00007ffe9e02d000 	C:\Windows\SYSTEM32\dhcpcsvc.DLL
0x00007ffea6940000 - 0x00007ffea6a0b000 	C:\Windows\SYSTEM32\DNSAPI.dll
0x00007ffea46d0000 - 0x00007ffea46d9000 	C:\Visucode\vscode\data\extensions\redhat.java-1.15.0-win32-x64\jre\17.0.6-win32-x86_64\bin\management.dll
0x00007ffea19f0000 - 0x00007ffea19fb000 	C:\Visucode\vscode\data\extensions\redhat.java-1.15.0-win32-x64\jre\17.0.6-win32-x86_64\bin\management_ext.dll
0x00007ffea9980000 - 0x00007ffea9988000 	C:\Windows\System32\PSAPI.DLL
0x00007ffea1d40000 - 0x00007ffea1d4e000 	C:\Visucode\vscode\data\extensions\redhat.java-1.15.0-win32-x64\jre\17.0.6-win32-x86_64\bin\sunmscapi.dll
0x00007ffea76b0000 - 0x00007ffea780e000 	C:\Windows\System32\CRYPT32.dll
0x00007ffea6e80000 - 0x00007ffea6ea8000 	C:\Windows\SYSTEM32\ncrypt.dll
0x00007ffea6e40000 - 0x00007ffea6e7b000 	C:\Windows\SYSTEM32\NTASN1.dll
0x00007ffe991d0000 - 0x00007ffe991da000 	C:\Windows\System32\rasadhlp.dll
0x00007ffe9d7f0000 - 0x00007ffe9d872000 	C:\Windows\System32\fwpuclnt.dll

dbghelp: loaded successfully - version: 4.0.5 - missing functions: none
symbol engine: initialized successfully - sym options: 0x614 - pdb path: .;C:\Visucode\vscode\data\extensions\redhat.java-1.15.0-win32-x64\jre\17.0.6-win32-x86_64\bin;C:\Windows\SYSTEM32;C:\Windows\WinSxS\amd64_microsoft.windows.common-controls_6595b64144ccf1df_6.0.19041.1110_none_60b5254171f9507e;C:\Visucode\vscode\data\extensions\redhat.java-1.15.0-win32-x64\jre\17.0.6-win32-x86_64\bin\server

VM Arguments:
jvm_args: -XX:+HeapDumpOnOutOfMemoryError -Xmx1024m -Dsts.lsp.client=vscode -Dsts.log.file=/dev/null -XX:TieredStopAtLevel=1 -Xlog:jni+resolve=off -Dspring.config.location=file:c:\Visucode\vscode\data\extensions\vmware.vscode-spring-boot-1.46.0\language-server\BOOT-INF\classes\application.properties 
java_command: org.springframework.ide.vscode.boot.app.BootLanguageServerBootApp
java_class_path (initial): c:\Visucode\vscode\data\extensions\vmware.vscode-spring-boot-1.46.0\language-server\BOOT-INF\classes;c:\Visucode\vscode\data\extensions\vmware.vscode-spring-boot-1.46.0\language-server\BOOT-INF\lib\annotations-24.0.1.jar;c:\Visucode\vscode\data\extensions\vmware.vscode-spring-boot-1.46.0\language-server\BOOT-INF\lib\antlr-runtime-3.5.3.jar;c:\Visucode\vscode\data\extensions\vmware.vscode-spring-boot-1.46.0\language-server\BOOT-INF\lib\antlr4-4.11.1.jar;c:\Visucode\vscode\data\extensions\vmware.vscode-spring-boot-1.46.0\language-server\BOOT-INF\lib\antlr4-runtime-4.11.1.jar;c:\Visucode\vscode\data\extensions\vmware.vscode-spring-boot-1.46.0\language-server\BOOT-INF\lib\asm-9.5.jar;c:\Visucode\vscode\data\extensions\vmware.vscode-spring-boot-1.46.0\language-server\BOOT-INF\lib\asm-analysis-9.5.jar;c:\Visucode\vscode\data\extensions\vmware.vscode-spring-boot-1.46.0\language-server\BOOT-INF\lib\asm-tree-9.5.jar;c:\Visucode\vscode\data\extensions\vmware.vscode-spring-boot-1.46.0\language-server\BOOT-INF\lib\asm-util-9.5.jar;c:\Visucode\vscode\data\extensions\vmware.vscode-spring-boot-1.46.0\language-server\BOOT-INF\lib\caffeine-3.1.2.jar;c:\Visucode\vscode\data\extensions\vmware.vscode-spring-boot-1.46.0\language-server\BOOT-INF\lib\checker-qual-3.12.0.jar;c:\Visucode\vscode\data\extensions\vmware.vscode-spring-boot-1.46.0\language-server\BOOT-INF\lib\classgraph-4.8.149.jar;c:\Visucode\vscode\data\extensions\vmware.vscode-spring-boot-1.46.0\language-server\BOOT-INF\lib\commons-codec-1.15.jar;c:\Visucode\vscode\data\extensions\vmware.vscode-spring-boot-1.46.0\language-server\BOOT-INF\lib\commons-compress-1.23.0.jar;c:\Visucode\vscode\data\extensions\vmware.vscode-spring-boot-1.46.0\language-server\BOOT-INF\lib\commons-io-2.4.jar;c:\Visucode\vscode\data\extensions\vmware.vscode-spring-boot-1.46.0\language-server\BOOT-INF\lib\commons-java-1.46.0-SNAPSHOT.jar;c:\Visucode\vscode\data\extensions\vmware.vscode-spring-boot-1.46.0\language-server\BOOT
Launcher Type: SUN_STANDARD

[Global flags]
     intx CICompilerCount                          = 3                                         {product} {ergonomic}
     uint ConcGCThreads                            = 1                                         {product} {ergonomic}
     uint G1ConcRefinementThreads                  = 4                                         {product} {ergonomic}
   size_t G1HeapRegionSize                         = 1048576                                   {product} {ergonomic}
    uintx GCDrainStackTargetSize                   = 64                                        {product} {ergonomic}
     bool HeapDumpOnOutOfMemoryError               = true                                   {manageable} {command line}
   size_t InitialHeapSize                          = 33554432                                  {product} {ergonomic}
   size_t MarkStackSize                            = 4194304                                   {product} {ergonomic}
   size_t MaxHeapSize                              = 1073741824                                {product} {command line}
   size_t MaxNewSize                               = 643825664                                 {product} {ergonomic}
   size_t MinHeapDeltaBytes                        = 1048576                                   {product} {ergonomic}
   size_t MinHeapSize                              = 8388608                                   {product} {ergonomic}
    uintx NonProfiledCodeHeapSize                  = 0                                      {pd product} {ergonomic}
     bool ProfileInterpreter                       = false                                  {pd product} {command line}
    uintx ProfiledCodeHeapSize                     = 0                                      {pd product} {ergonomic}
   size_t SoftMaxHeapSize                          = 1073741824                             {manageable} {ergonomic}
     intx TieredStopAtLevel                        = 1                                         {product} {command line}
     bool UseCompressedClassPointers               = true                           {product lp64_product} {ergonomic}
     bool UseCompressedOops                        = true                           {product lp64_product} {ergonomic}
     bool UseG1GC                                  = true                                      {product} {ergonomic}
     bool UseLargePagesIndividualAllocation        = false                                  {pd product} {ergonomic}

Logging:
Log output configuration:
 #0: stdout all=warning,jni+resolve=off uptime,level,tags
 #1: stderr all=off uptime,level,tags

Environment Variables:
PATH=C:\Windows\System32;C:\Program Files\Common Files\Oracle\Java\javapath;C:\Program Files\Java\jdk-18.0.1.1\bin;C:\Windows\system32;C:\Windows;C:\Windows\System32\Wbem;C:\Windows\System32\WindowsPowerShell\v1.0\;C:\Windows\System32\OpenSSH\;C:\Program Files\Git\cmd;C:\Program Files\TortoiseGit\bin;C:\Program Files\MySQL\MySQL Server 5.7\bin\mysql.exe;C:\Program Files\MySQL\MySQL Workbench 8.0;C:\Program Files\Docker\Docker\resources\bin;C:\Visucode\vscode;C:\Program Files\nodejs\;C:\Program Files\nodejs\node_modules\npm\bin;C:\Program Files\nodejs\node_modules\npm\;C:\Ruby32-x64\bin;C:\Program Files\MySQL\MySQL Shell 8.0\bin\;C:\Users\hudso\AppData\Local\Microsoft\WindowsApps;C:\Program Files\MongoDB\Server\6.0\bin;C:\tools\php;C:\Users\hudso\AppData\Roaming\npm
USERNAME=hudso
OS=Windows_NT
PROCESSOR_IDENTIFIER=Intel64 Family 6 Model 42 Stepping 7, GenuineIntel
TMP=C:\Visucode\vscode\data\tmp
TEMP=C:\Visucode\vscode\data\tmp



---------------  S Y S T E M  ---------------

OS:
 Windows 10 , 64 bit Build 19041 (10.0.19041.2913)
OS uptime: 0 days 3:30 hours
Hyper-V role detected

CPU: total 4 (initial active 4) (2 cores per cpu, 2 threads per core) family 6 model 42 stepping 7 microcode 0x2f, cx8, cmov, fxsr, ht, mmx, sse, sse2, sse3, ssse3, sse4.1, sse4.2, popcnt, tsc, tscinvbit, avx, clmul, vzeroupper, clflush, hv

Memory: 4k page, system-wide physical 1931M (172M free)
TotalPageFile size 6006M (AvailPageFile size 76M)
current process WorkingSet (physical memory assigned to process): 365M, peak: 365M
current process commit charge ("private bytes"): 408M, peak: 562M

vm_info: OpenJDK 64-Bit Server VM (17.0.6+10) for windows-amd64 JRE (17.0.6+10), built on Jan 18 2023 10:08:59 by "temurin" with MS VC++ 16.7 (VS2019)

END.
